<?xml version="1.0"?>
<testsuite name="Chrome 126.0.0.0 (Windows 10)" package="" timestamp="2024-07-24T21:30:10" id="0" hostname="NRD5CG219491W" tests="1095" errors="0" failures="0" time="5.521">
  <properties>
    <property name="browser.fullName" value="Mozilla/5.0 (Windows NT 10.0; Win64; x64) AppleWebKit/537.36 (KHTML, like Gecko) Chrome/126.0.0.0 Safari/537.36"/>
  </properties>
  <testcase name="GwcBackupComponent should create" time="0.225" classname="Chrome_126_0_0_0_(Windows_10).GwcBackupComponent"/>
  <testcase name="GwcBackupComponent should initialize form and disable controls" time="0.005" classname="Chrome_126_0_0_0_(Windows_10).GwcBackupComponent"/>
  <testcase name="GwcBackupComponent should handle checkbox changes and update form controls" time="0.004" classname="Chrome_126_0_0_0_(Windows_10).GwcBackupComponent"/>
  <testcase name="GwcBackupComponent should prevent default for forbidden key codes" time="0.006" classname="Chrome_126_0_0_0_(Windows_10).GwcBackupComponent"/>
  <testcase name="AlgsComponent should call closeDeleteDialogAndDeleteSelectedData()" time="0.007" classname="Chrome_126_0_0_0_(Windows_10).AlgsComponent"/>
  <testcase name="AlgsComponent should call closeInfoAboutNoOptionDialog()" time="0.006" classname="Chrome_126_0_0_0_(Windows_10).AlgsComponent"/>
  <testcase name="AlgsComponent should handle error and set messageText, detailsText, and showErrorDialog" time="0.004" classname="Chrome_126_0_0_0_(Windows_10).AlgsComponent"/>
  <testcase name="AlgsComponent should call editAlg()" time="0.006" classname="Chrome_126_0_0_0_(Windows_10).AlgsComponent"/>
  <testcase name="AlgsComponent should call editAlgFormFooterHandler() with event=true and invalid negative port value" time="0.006" classname="Chrome_126_0_0_0_(Windows_10).AlgsComponent"/>
  <testcase name="AlgsComponent should call addAlg()" time="0.004" classname="Chrome_126_0_0_0_(Windows_10).AlgsComponent"/>
  <testcase name="AlgsComponent should call editAlgFormFooterHandler() with event=true and valid port value" time="0.004" classname="Chrome_126_0_0_0_(Windows_10).AlgsComponent"/>
  <testcase name="AlgsComponent should call editAlgFormFooterHandler() with event=false" time="0.005" classname="Chrome_126_0_0_0_(Windows_10).AlgsComponent"/>
  <testcase name="AlgsComponent should handle error details message on deleteALG()" time="0.003" classname="Chrome_126_0_0_0_(Windows_10).AlgsComponent"/>
  <testcase name="AlgsComponent should create" time="0.004" classname="Chrome_126_0_0_0_(Windows_10).AlgsComponent"/>
  <testcase name="AlgsComponent should call closeErrorDialog()" time="0.004" classname="Chrome_126_0_0_0_(Windows_10).AlgsComponent"/>
  <testcase name="AlgsComponent should call editAlgFormFooterHandler() with event=true and invalid positive port value" time="0.004" classname="Chrome_126_0_0_0_(Windows_10).AlgsComponent"/>
  <testcase name="AlgsComponent should call ngOnInit()" time="0.005" classname="Chrome_126_0_0_0_(Windows_10).AlgsComponent"/>
  <testcase name="AlgsComponent should call deleteALG()" time="0.003" classname="Chrome_126_0_0_0_(Windows_10).AlgsComponent"/>
  <testcase name="AlgsComponent should call showOrHideButtonClick()" time="0.003" classname="Chrome_126_0_0_0_(Windows_10).AlgsComponent"/>
  <testcase name="AlgsComponent should call closeAddDialogAndDeleteFormValue()" time="0.006" classname="Chrome_126_0_0_0_(Windows_10).AlgsComponent"/>
  <testcase name="AlgsComponent should call addNewAlgBtn()" time="0.005" classname="Chrome_126_0_0_0_(Windows_10).AlgsComponent"/>
  <testcase name="AlgsComponent should call closeEditDialogAndDeleteFormValue()" time="0.004" classname="Chrome_126_0_0_0_(Windows_10).AlgsComponent"/>
  <testcase name="AlgsComponent should call addAlgFormFooterHandler() with event=true and valid port value" time="0.004" classname="Chrome_126_0_0_0_(Windows_10).AlgsComponent"/>
  <testcase name="AlgsComponent should call setFormValueToDefault()" time="0.004" classname="Chrome_126_0_0_0_(Windows_10).AlgsComponent"/>
  <testcase name="AlgsComponent should call addAlgFormFooterHandler() with event=false" time="0.005" classname="Chrome_126_0_0_0_(Windows_10).AlgsComponent"/>
  <testcase name="AlgsComponent should call deleteDialogFooterHandler() with event=true" time="0.003" classname="Chrome_126_0_0_0_(Windows_10).AlgsComponent"/>
  <testcase name="AlgsComponent should call deleteDialogFooterHandler() with event=false" time="0.003" classname="Chrome_126_0_0_0_(Windows_10).AlgsComponent"/>
  <testcase name="AlgsComponent should call getAlgsData() and resturns error" time="0.005" classname="Chrome_126_0_0_0_(Windows_10).AlgsComponent"/>
  <testcase name="AlgsComponent should handle error and set messageText, detailsText, and showErrorDialog" time="0.003" classname="Chrome_126_0_0_0_(Windows_10).AlgsComponent"/>
  <testcase name="AlgsComponent should refreshTable()" time="0.004" classname="Chrome_126_0_0_0_(Windows_10).AlgsComponent"/>
  <testcase name="ProceduresComponent should create" time="0.005" classname="Chrome_126_0_0_0_(Windows_10).ProceduresComponent"/>
  <testcase name="IntegrityTakeActionsReportsComponent should call doGetAuditReport" time="0.051" classname="Chrome_126_0_0_0_(Windows_10).IntegrityTakeActionsReportsComponent"/>
  <testcase name="IntegrityTakeActionsReportsComponent should call getlastRunTime" time="0.031" classname="Chrome_126_0_0_0_(Windows_10).IntegrityTakeActionsReportsComponent"/>
  <testcase name="IntegrityTakeActionsReportsComponent should create" time="0.029" classname="Chrome_126_0_0_0_(Windows_10).IntegrityTakeActionsReportsComponent"/>
  <testcase name="IntegrityTakeActionsReportsComponent should call getlastRunTime" time="0.032" classname="Chrome_126_0_0_0_(Windows_10).IntegrityTakeActionsReportsComponent"/>
  <testcase name="IntegrityTakeActionsReportsComponent should call doRefreshDataTable" time="0.026" classname="Chrome_126_0_0_0_(Windows_10).IntegrityTakeActionsReportsComponent"/>
  <testcase name="IntegrityTakeActionsReportsComponent should call doGetAuditReport" time="0.026" classname="Chrome_126_0_0_0_(Windows_10).IntegrityTakeActionsReportsComponent"/>
  <testcase name="IntegrityTakeActionsReportsComponent should call doTakeAction" time="0.028" classname="Chrome_126_0_0_0_(Windows_10).IntegrityTakeActionsReportsComponent"/>
  <testcase name="NetworkViewService should call getCMCLLI" time="0.002" classname="Chrome_126_0_0_0_(Windows_10).NetworkViewService"/>
  <testcase name="NetworkViewService should call getAllSupportedGatewayProfiles" time="0.002" classname="Chrome_126_0_0_0_(Windows_10).NetworkViewService"/>
  <testcase name="NetworkViewService should call getAllGwc" time="0.001" classname="Chrome_126_0_0_0_(Windows_10).NetworkViewService"/>
  <testcase name="NetworkViewService should call getGWCNames" time="0" classname="Chrome_126_0_0_0_(Windows_10).NetworkViewService"/>
  <testcase name="NetworkViewService should be created" time="0.001" classname="Chrome_126_0_0_0_(Windows_10).NetworkViewService"/>
  <testcase name="GrGatewayInfoComponent should close the dialog and call getOptions" time="0.003" classname="Chrome_126_0_0_0_(Windows_10).GrGatewayInfoComponent"/>
  <testcase name="GrGatewayInfoComponent should populate options array when getOptions is called" time="0.003" classname="Chrome_126_0_0_0_(Windows_10).GrGatewayInfoComponent"/>
  <testcase name="GrGatewayInfoComponent should return true when item is &quot;button&quot;" time="0.003" classname="Chrome_126_0_0_0_(Windows_10).GrGatewayInfoComponent"/>
  <testcase name="GrGatewayInfoComponent should return false when item is not &quot;button&quot;" time="0.004" classname="Chrome_126_0_0_0_(Windows_10).GrGatewayInfoComponent"/>
  <testcase name="GrGatewayInfoComponent should create" time="0.003" classname="Chrome_126_0_0_0_(Windows_10).GrGatewayInfoComponent"/>
  <testcase name="GrGatewayInfoComponent should reset the form and show the dialog when option is &quot;button&quot;" time="0.002" classname="Chrome_126_0_0_0_(Windows_10).GrGatewayInfoComponent"/>
  <testcase name="AssociateFormService gwcBackup should be defined" time="0.001" classname="Chrome_126_0_0_0_(Windows_10).AssociateFormService gwcBackup"/>
  <testcase name="AssociateFormService gwcBackup should have mgcsecipAddress control" time="0.001" classname="Chrome_126_0_0_0_(Windows_10).AssociateFormService gwcBackup"/>
  <testcase name="AssociateFormService gwcBackup should have lbl control" time="0.002" classname="Chrome_126_0_0_0_(Windows_10).AssociateFormService gwcBackup"/>
  <testcase name="AssociateFormService should be created" time="0.002" classname="Chrome_126_0_0_0_(Windows_10).AssociateFormService"/>
  <testcase name="AssociateFormService signalProtocol should be defined" time="0.001" classname="Chrome_126_0_0_0_(Windows_10).AssociateFormService signalProtocol"/>
  <testcase name="AssociateFormService signalProtocol should have protocolType control" time="0.001" classname="Chrome_126_0_0_0_(Windows_10).AssociateFormService signalProtocol"/>
  <testcase name="AssociateFormService signalProtocol should have protocolPort control" time="0.001" classname="Chrome_126_0_0_0_(Windows_10).AssociateFormService signalProtocol"/>
  <testcase name="AssociateFormService mainFormGroup should be defined" time="0.001" classname="Chrome_126_0_0_0_(Windows_10).AssociateFormService mainFormGroup"/>
  <testcase name="AssociateFormService gatewayInformation should have ipAddress control" time="0.001" classname="Chrome_126_0_0_0_(Windows_10).AssociateFormService gatewayInformation"/>
  <testcase name="AssociateFormService gatewayInformation should be defined" time="0.001" classname="Chrome_126_0_0_0_(Windows_10).AssociateFormService gatewayInformation"/>
  <testcase name="AssociateFormService gatewayInformation should have name control" time="0" classname="Chrome_126_0_0_0_(Windows_10).AssociateFormService gatewayInformation"/>
  <testcase name="ProvComponent should set isShowAddProv and isShowDeleteProv to false" time="0.002" classname="Chrome_126_0_0_0_(Windows_10).ProvComponent"/>
  <testcase name="ProvComponent should create" time="0.004" classname="Chrome_126_0_0_0_(Windows_10).ProvComponent"/>
  <testcase name="ProvComponent should delete throw error" time="0.004" classname="Chrome_126_0_0_0_(Windows_10).ProvComponent"/>
  <testcase name="ProvComponent should delete selected identifier" time="0.002" classname="Chrome_126_0_0_0_(Windows_10).ProvComponent"/>
  <testcase name="ProvComponent should call showErrorMessage when getProvIDs returns an error" time="0.002" classname="Chrome_126_0_0_0_(Windows_10).ProvComponent"/>
  <testcase name="ProvComponent should delete response has wrong rc show error" time="0.002" classname="Chrome_126_0_0_0_(Windows_10).ProvComponent"/>
  <testcase name="ProvisioningComponent should create" time="0.003" classname="Chrome_126_0_0_0_(Windows_10).ProvisioningComponent"/>
  <testcase name="ViewReportsComponent should call handleShowLoading" time="0.017" classname="Chrome_126_0_0_0_(Windows_10).ViewReportsComponent"/>
  <testcase name="ViewReportsComponent should call handleExport" time="0.012" classname="Chrome_126_0_0_0_(Windows_10).ViewReportsComponent"/>
  <testcase name="ViewReportsComponent should call doGetReports case throwError" time="0.014" classname="Chrome_126_0_0_0_(Windows_10).ViewReportsComponent"/>
  <testcase name="ViewReportsComponent should call doViewReport" time="0.019" classname="Chrome_126_0_0_0_(Windows_10).ViewReportsComponent"/>
  <testcase name="ViewReportsComponent should create" time="0.017" classname="Chrome_126_0_0_0_(Windows_10).ViewReportsComponent"/>
  <testcase name="DetailDialogComponent should not close the dialog or emit closeDetailDialog event when event is truthy in onDetailDialog" time="0.005" classname="Chrome_126_0_0_0_(Windows_10).DetailDialogComponent"/>
  <testcase name="DetailDialogComponent should close the dialog and emit closeDetailDialog event in closeDialog" time="0.003" classname="Chrome_126_0_0_0_(Windows_10).DetailDialogComponent"/>
  <testcase name="DetailDialogComponent should create" time="0.004" classname="Chrome_126_0_0_0_(Windows_10).DetailDialogComponent"/>
  <testcase name="DetailDialogComponent should close the dialog and emit closeDetailDialog event when event is falsy in onDetailDialog" time="0.004" classname="Chrome_126_0_0_0_(Windows_10).DetailDialogComponent"/>
  <testcase name="GrGatewaysComponent should call getGRGWsData() and returns error" time="0.009" classname="Chrome_126_0_0_0_(Windows_10).GrGatewaysComponent"/>
  <testcase name="GrGatewaysComponent should call closeDeleteErrorDialog()" time="0.006" classname="Chrome_126_0_0_0_(Windows_10).GrGatewaysComponent"/>
  <testcase name="GrGatewaysComponent should call setFormValueToDefault()" time="0.005" classname="Chrome_126_0_0_0_(Windows_10).GrGatewaysComponent"/>
  <testcase name="GrGatewaysComponent should call showOrHideButtonClick()" time="0.006" classname="Chrome_126_0_0_0_(Windows_10).GrGatewaysComponent"/>
  <testcase name="GrGatewaysComponent should refreshTable()" time="0.005" classname="Chrome_126_0_0_0_(Windows_10).GrGatewaysComponent"/>
  <testcase name="GrGatewaysComponent should call addGRGWFormFooterHandler() with event=true" time="0.005" classname="Chrome_126_0_0_0_(Windows_10).GrGatewaysComponent"/>
  <testcase name="GrGatewaysComponent should call addGRGW()" time="0.004" classname="Chrome_126_0_0_0_(Windows_10).GrGatewaysComponent"/>
  <testcase name="GrGatewaysComponent should call editGRGWFormFooterHandler() with event=true" time="0.005" classname="Chrome_126_0_0_0_(Windows_10).GrGatewaysComponent"/>
  <testcase name="GrGatewaysComponent should call addGRGWFormFooterHandler() with event=false" time="0.004" classname="Chrome_126_0_0_0_(Windows_10).GrGatewaysComponent"/>
  <testcase name="GrGatewaysComponent should handle error and set messageText, detailsText, and showErrorDialog" time="0.006" classname="Chrome_126_0_0_0_(Windows_10).GrGatewaysComponent"/>
  <testcase name="GrGatewaysComponent should call isDataChangedValue()" time="0.004" classname="Chrome_126_0_0_0_(Windows_10).GrGatewaysComponent"/>
  <testcase name="GrGatewaysComponent should call addNewGRBtn()" time="0.004" classname="Chrome_126_0_0_0_(Windows_10).GrGatewaysComponent"/>
  <testcase name="GrGatewaysComponent should call closeEditDialogAndDeleteFormValue()" time="0.005" classname="Chrome_126_0_0_0_(Windows_10).GrGatewaysComponent"/>
  <testcase name="GrGatewaysComponent should call editGRGW()" time="0.003" classname="Chrome_126_0_0_0_(Windows_10).GrGatewaysComponent"/>
  <testcase name="GrGatewaysComponent should call editGRGWFormFooterHandler() with event=false" time="0.004" classname="Chrome_126_0_0_0_(Windows_10).GrGatewaysComponent"/>
  <testcase name="GrGatewaysComponent should call editGRGW(), return error" time="0.003" classname="Chrome_126_0_0_0_(Windows_10).GrGatewaysComponent"/>
  <testcase name="GrGatewaysComponent should isGRGWUsed with error" time="0.004" classname="Chrome_126_0_0_0_(Windows_10).GrGatewaysComponent"/>
  <testcase name="GrGatewaysComponent should delete GRGW when it is used ,(isGRGWUsed response is true)" time="0.005" classname="Chrome_126_0_0_0_(Windows_10).GrGatewaysComponent"/>
  <testcase name="GrGatewaysComponent should delete GRGW when not used ,(isGRGWUsed response is false)" time="0.004" classname="Chrome_126_0_0_0_(Windows_10).GrGatewaysComponent"/>
  <testcase name="GrGatewaysComponent should call closeErrorDialog()" time="0.005" classname="Chrome_126_0_0_0_(Windows_10).GrGatewaysComponent"/>
  <testcase name="GrGatewaysComponent should call closeAddDialogAndDeleteFormValue()" time="0.005" classname="Chrome_126_0_0_0_(Windows_10).GrGatewaysComponent"/>
  <testcase name="GrGatewaysComponent should handle error when trying to deleteGRGW(), (isGRGWUsed response is false)" time="0.003" classname="Chrome_126_0_0_0_(Windows_10).GrGatewaysComponent"/>
  <testcase name="GrGatewaysComponent should handle error" time="0.005" classname="Chrome_126_0_0_0_(Windows_10).GrGatewaysComponent"/>
  <testcase name="GrGatewaysComponent should create" time="0.003" classname="Chrome_126_0_0_0_(Windows_10).GrGatewaysComponent"/>
  <testcase name="GrGatewaysComponent should call deleteDialogFooterHandler() with event=false" time="0.004" classname="Chrome_126_0_0_0_(Windows_10).GrGatewaysComponent"/>
  <testcase name="GrGatewaysComponent should showDeleteErrorPopup" time="0.005" classname="Chrome_126_0_0_0_(Windows_10).GrGatewaysComponent"/>
  <testcase name="GrGatewaysComponent should initialize form and properties" time="0.003" classname="Chrome_126_0_0_0_(Windows_10).GrGatewaysComponent"/>
  <testcase name="GrGatewaysComponent should call closeDeleteDialogAndDeleteSelectedData()" time="0.005" classname="Chrome_126_0_0_0_(Windows_10).GrGatewaysComponent"/>
  <testcase name="GrGatewaysComponent should showDeleteErrorPopup" time="0.004" classname="Chrome_126_0_0_0_(Windows_10).GrGatewaysComponent"/>
  <testcase name="GrGatewaysComponent should call deleteGRGW(), return error" time="0.004" classname="Chrome_126_0_0_0_(Windows_10).GrGatewaysComponent"/>
  <testcase name="GrGatewaysComponent should update isDataChanged on form changes" time="0.004" classname="Chrome_126_0_0_0_(Windows_10).GrGatewaysComponent"/>
  <testcase name="GrGatewaysComponent should call deleteDialogFooterHandler() with event=true" time="0.003" classname="Chrome_126_0_0_0_(Windows_10).GrGatewaysComponent"/>
  <testcase name="SummaryAuditComponent should closeDialog case disabledBtnAbort = false" time="0.01" classname="Chrome_126_0_0_0_(Windows_10).SummaryAuditComponent"/>
  <testcase name="SummaryAuditComponent should call ngOnchange" time="0.009" classname="Chrome_126_0_0_0_(Windows_10).SummaryAuditComponent"/>
  <testcase name="SummaryAuditComponent should create" time="0.007" classname="Chrome_126_0_0_0_(Windows_10).SummaryAuditComponent"/>
  <testcase name="SummaryAuditComponent should call closeDialog case disabledBtnAbort = true" time="0.009" classname="Chrome_126_0_0_0_(Windows_10).SummaryAuditComponent"/>
  <testcase name="SummaryAuditComponent should call closeDialog case disabledBtnAbort = false" time="0.008" classname="Chrome_126_0_0_0_(Windows_10).SummaryAuditComponent"/>
  <testcase name="AddGrGatewayInfoComponent should call closeAddDialogAndDeleteFormValue()" time="0.004" classname="Chrome_126_0_0_0_(Windows_10).AddGrGatewayInfoComponent"/>
  <testcase name="AddGrGatewayInfoComponent should call setFormValueToDefault()" time="0.004" classname="Chrome_126_0_0_0_(Windows_10).AddGrGatewayInfoComponent"/>
  <testcase name="AddGrGatewayInfoComponent should create" time="0.003" classname="Chrome_126_0_0_0_(Windows_10).AddGrGatewayInfoComponent"/>
  <testcase name="AddGrGatewayInfoComponent should initialize form and call addNewGRBtn on ngOnInit" time="0.004" classname="Chrome_126_0_0_0_(Windows_10).AddGrGatewayInfoComponent"/>
  <testcase name="AddGrGatewayInfoComponent should handle error and set messageText, detailsText, and showErrorDialog" time="0.003" classname="Chrome_126_0_0_0_(Windows_10).AddGrGatewayInfoComponent"/>
  <testcase name="AddGrGatewayInfoComponent should call addGRGW()" time="0.003" classname="Chrome_126_0_0_0_(Windows_10).AddGrGatewayInfoComponent"/>
  <testcase name="AddGrGatewayInfoComponent should close error dialog and show details button" time="0.004" classname="Chrome_126_0_0_0_(Windows_10).AddGrGatewayInfoComponent"/>
  <testcase name="AddGrGatewayInfoComponent should toggle showDetailsBtn property" time="0.003" classname="Chrome_126_0_0_0_(Windows_10).AddGrGatewayInfoComponent"/>
  <testcase name="AddGrGatewayInfoComponent should call addGRGW when event is true" time="0.005" classname="Chrome_126_0_0_0_(Windows_10).AddGrGatewayInfoComponent"/>
  <testcase name="AddGrGatewayInfoComponent should call closeAddDialogAndDeleteFormValue when event is false" time="0.004" classname="Chrome_126_0_0_0_(Windows_10).AddGrGatewayInfoComponent"/>
  <testcase name="TreePickListComponent should create" time="0.006" classname="Chrome_126_0_0_0_(Windows_10).TreePickListComponent"/>
  <testcase name="MultiSiteComponent should create" time="0.004" classname="Chrome_126_0_0_0_(Windows_10).MultiSiteComponent"/>
  <testcase name="MultiSiteComponent should show error message if selecting more than allowed site names" time="0.002" classname="Chrome_126_0_0_0_(Windows_10).MultiSiteComponent"/>
  <testcase name="MultiSiteComponent should emit site names if within the allowed limit" time="0.002" classname="Chrome_126_0_0_0_(Windows_10).MultiSiteComponent"/>
  <testcase name="MultiSiteComponent should update allSiteNames on ngOnChanges" time="0.001" classname="Chrome_126_0_0_0_(Windows_10).MultiSiteComponent"/>
  <testcase name="TrunkDataIntegrityAuditComponent should create" time="0.006" classname="Chrome_126_0_0_0_(Windows_10).TrunkDataIntegrityAuditComponent"/>
  <testcase name="GatewayInformationComponent should set pepOrAlgLabel based on pep_alg_radioValues" time="0.004" classname="Chrome_126_0_0_0_(Windows_10).GatewayInformationComponent"/>
  <testcase name="GatewayInformationComponent should emit true when serviceTypeMapping is 4" time="0.005" classname="Chrome_126_0_0_0_(Windows_10).GatewayInformationComponent"/>
  <testcase name="GatewayInformationComponent should update properties and emit events based on the profile change" time="0.004" classname="Chrome_126_0_0_0_(Windows_10).GatewayInformationComponent"/>
  <testcase name="GatewayInformationComponent should emit true if conditions are met" time="0.002" classname="Chrome_126_0_0_0_(Windows_10).GatewayInformationComponent"/>
  <testcase name="GatewayInformationComponent should set pepOrAlgLabel based on pep_alg_radioValue" time="0.003" classname="Chrome_126_0_0_0_(Windows_10).GatewayInformationComponent"/>
  <testcase name="GatewayInformationComponent should return true if ipAddress control is invalid and viceversa" time="0.004" classname="Chrome_126_0_0_0_(Windows_10).GatewayInformationComponent"/>
  <testcase name="GatewayInformationComponent should set showIsNodeSharing to true when lgrpType is LL_3RDPTY_FLEX and vice versa " time="0.002" classname="Chrome_126_0_0_0_(Windows_10).GatewayInformationComponent"/>
  <testcase name="GatewayInformationComponent should emit true when isSupportMlt returns &quot;true&quot;" time="0.003" classname="Chrome_126_0_0_0_(Windows_10).GatewayInformationComponent"/>
  <testcase name="GatewayInformationComponent should prevent default for forbidden key codes" time="0.004" classname="Chrome_126_0_0_0_(Windows_10).GatewayInformationComponent"/>
  <testcase name="GatewayInformationComponent should emit true when checkgwcBackupPanel" time="0.003" classname="Chrome_126_0_0_0_(Windows_10).GatewayInformationComponent"/>
  <testcase name="GatewayInformationComponent should check lgrp panel" time="0.004" classname="Chrome_126_0_0_0_(Windows_10).GatewayInformationComponent"/>
  <testcase name="GatewayInformationComponent should add lgrpType control if conditions are met" time="0.002" classname="Chrome_126_0_0_0_(Windows_10).GatewayInformationComponent"/>
  <testcase name="GatewayInformationComponent should create" time="0.003" classname="Chrome_126_0_0_0_(Windows_10).GatewayInformationComponent"/>
  <testcase name="GatewayInformationComponent should emit true if profileName is GENBAND_G9_NA else false" time="0.002" classname="Chrome_126_0_0_0_(Windows_10).GatewayInformationComponent"/>
  <testcase name="GatewayInformationComponent should call checkForGatewayLgrp and checkTGRPpanel with the provided controller name" time="0.004" classname="Chrome_126_0_0_0_(Windows_10).GatewayInformationComponent"/>
  <testcase name="GatewayInformationComponent should reset values when showDialog changes to false" time="0.005" classname="Chrome_126_0_0_0_(Windows_10).GatewayInformationComponent"/>
  <testcase name="AuditSubjectService should be created" time="0.001" classname="Chrome_126_0_0_0_(Windows_10).AuditSubjectService"/>
  <testcase name="RingComponent should return the std form control" time="0.004" classname="Chrome_126_0_0_0_(Windows_10).RingComponent"/>
  <testcase name="RingComponent should emit isChanged value when closeDialog is called" time="0.004" classname="Chrome_126_0_0_0_(Windows_10).RingComponent"/>
  <testcase name="RingComponent should give error message if modify request is successful but has Validation error" time="0.005" classname="Chrome_126_0_0_0_(Windows_10).RingComponent"/>
  <testcase name="RingComponent should create" time="0.004" classname="Chrome_126_0_0_0_(Windows_10).RingComponent"/>
  <testcase name="RingComponent should give error message if modify request is successful but has Validation error" time="0.004" classname="Chrome_126_0_0_0_(Windows_10).RingComponent"/>
  <testcase name="RingComponent should modify a ring successfully with confirmation" time="0.004" classname="Chrome_126_0_0_0_(Windows_10).RingComponent"/>
  <testcase name="RingComponent should add a new ring successfully" time="0.004" classname="Chrome_126_0_0_0_(Windows_10).RingComponent"/>
  <testcase name="RingComponent should call getRingTemplate and set isButtonDisabled when identifiers and !isAddRing" time="0.005" classname="Chrome_126_0_0_0_(Windows_10).RingComponent"/>
  <testcase name="RingComponent should handle an Apierror when adding a new ring" time="0.003" classname="Chrome_126_0_0_0_(Windows_10).RingComponent"/>
  <testcase name="RingComponent should getRing template " time="0.005" classname="Chrome_126_0_0_0_(Windows_10).RingComponent"/>
  <testcase name="RingComponent should call getRingTemplate and set isButtonDisabled to true" time="0.005" classname="Chrome_126_0_0_0_(Windows_10).RingComponent"/>
  <testcase name="RingComponent should show identifier required error on formsubmit " time="0.005" classname="Chrome_126_0_0_0_(Windows_10).RingComponent"/>
  <testcase name="RingComponent should call getRingTemplate and set isButtonDisabled to false" time="0.004" classname="Chrome_126_0_0_0_(Windows_10).RingComponent"/>
  <testcase name="RingComponent should getRingdatas when cancelled  " time="0.003" classname="Chrome_126_0_0_0_(Windows_10).RingComponent"/>
  <testcase name="RingComponent should return the identifier form control" time="0.005" classname="Chrome_126_0_0_0_(Windows_10).RingComponent"/>
  <testcase name="RingComponent should give apierror on modify request " time="0.003" classname="Chrome_126_0_0_0_(Windows_10).RingComponent"/>
  <testcase name="GatewaysComponent should create" time="0.006" classname="Chrome_126_0_0_0_(Windows_10).GatewaysComponent"/>
  <testcase name="PreferencesComponent should call onSave" time="0.009" classname="Chrome_126_0_0_0_(Windows_10).PreferencesComponent"/>
  <testcase name="PreferencesComponent should call onHide" time="0.008" classname="Chrome_126_0_0_0_(Windows_10).PreferencesComponent"/>
  <testcase name="PreferencesComponent should call initDropdownOption" time="0.008" classname="Chrome_126_0_0_0_(Windows_10).PreferencesComponent"/>
  <testcase name="PreferencesComponent should call handleHourChange" time="0.007" classname="Chrome_126_0_0_0_(Windows_10).PreferencesComponent"/>
  <testcase name="PreferencesComponent should call ngOnInit" time="0.007" classname="Chrome_126_0_0_0_(Windows_10).PreferencesComponent"/>
  <testcase name="PreferencesComponent should call ngAfterViewInit" time="0.006" classname="Chrome_126_0_0_0_(Windows_10).PreferencesComponent"/>
  <testcase name="PreferencesComponent should call checkTerminationValue" time="0.007" classname="Chrome_126_0_0_0_(Windows_10).PreferencesComponent"/>
  <testcase name="PreferencesComponent should create" time="0.006" classname="Chrome_126_0_0_0_(Windows_10).PreferencesComponent"/>
  <testcase name="PreferencesComponent should call onShow" time="0.005" classname="Chrome_126_0_0_0_(Windows_10).PreferencesComponent"/>
  <testcase name="PreferencesComponent should call handleLogsOnSave" time="0.006" classname="Chrome_126_0_0_0_(Windows_10).PreferencesComponent"/>
  <testcase name="SigComponent should set isButtonDisabled to true when event is the same as the first identifier" time="0.004" classname="Chrome_126_0_0_0_(Windows_10).SigComponent"/>
  <testcase name="SigComponent delete should call closeDialog(false) when event is false" time="0.002" classname="Chrome_126_0_0_0_(Windows_10).SigComponent"/>
  <testcase name="SigComponent should set isShowAddSig to true" time="0.003" classname="Chrome_126_0_0_0_(Windows_10).SigComponent"/>
  <testcase name="SigComponent should close dialog and call getSigIdentifiers when isChanged is true" time="0.002" classname="Chrome_126_0_0_0_(Windows_10).SigComponent"/>
  <testcase name="SigComponent should set isShowDeleteSig to true" time="0.003" classname="Chrome_126_0_0_0_(Windows_10).SigComponent"/>
  <testcase name="SigComponent should show api error on error delete response" time="0.002" classname="Chrome_126_0_0_0_(Windows_10).SigComponent"/>
  <testcase name="SigComponent delete should call closeDialog(true) and handle a successful response when event is true" time="0.004" classname="Chrome_126_0_0_0_(Windows_10).SigComponent"/>
  <testcase name="SigComponent should show apierror when getSigid request response has error " time="0.002" classname="Chrome_126_0_0_0_(Windows_10).SigComponent"/>
  <testcase name="SigComponent should create" time="0.002" classname="Chrome_126_0_0_0_(Windows_10).SigComponent"/>
  <testcase name="SigComponent should close dialog and not call getSigIdentifiers when isChanged is false" time="0.002" classname="Chrome_126_0_0_0_(Windows_10).SigComponent"/>
  <testcase name="SigComponent should set isButtonDisabled to false when event is different from the first identifier" time="0.003" classname="Chrome_126_0_0_0_(Windows_10).SigComponent"/>
  <testcase name="SigComponent should show error on getSig if response rc != 0 " time="0.002" classname="Chrome_126_0_0_0_(Windows_10).SigComponent"/>
  <testcase name="SigComponent should show error on delete if response rc != 0 " time="0.002" classname="Chrome_126_0_0_0_(Windows_10).SigComponent"/>
  <testcase name="GatewaysComponent should closeRetrieveHandleErrorDialog()" time="0.007" classname="Chrome_126_0_0_0_(Windows_10).GatewaysComponent"/>
  <testcase name="GatewaysComponent should add a new item to searchHistory and update sessionStorage if criteria is valid" time="0.005" classname="Chrome_126_0_0_0_(Windows_10).GatewaysComponent"/>
  <testcase name="GatewaysComponent should resolve with response on successful API call" time="0.004" classname="Chrome_126_0_0_0_(Windows_10).GatewaysComponent"/>
  <testcase name="GatewaysComponent should invoke onDetailHandle when Details action is clicked" time="0.006" classname="Chrome_126_0_0_0_(Windows_10).GatewaysComponent"/>
  <testcase name="GatewaysComponent should showOrHideButtonClick()" time="0.005" classname="Chrome_126_0_0_0_(Windows_10).GatewaysComponent"/>
  <testcase name="GatewaysComponent ngOnChanges getUnitStatus handle error" time="0.004" classname="Chrome_126_0_0_0_(Windows_10).GatewaysComponent"/>
  <testcase name="GatewaysComponent should reject on API call error" time="0.003" classname="Chrome_126_0_0_0_(Windows_10).GatewaysComponent"/>
  <testcase name="GatewaysComponent should handle onRetrieveHandle with event = true negative limit result" time="0.005" classname="Chrome_126_0_0_0_(Windows_10).GatewaysComponent"/>
  <testcase name="GatewaysComponent should resolve with null on empty response" time="0.005" classname="Chrome_126_0_0_0_(Windows_10).GatewaysComponent"/>
  <testcase name="GatewaysComponent should handle onWarningChangeGWCapacityFormSubmit(), event=true and handle error on saveLgrpType" time="0.003" classname="Chrome_126_0_0_0_(Windows_10).GatewaysComponent"/>
  <testcase name="GatewaysComponent should handle onRetrieveHandle with event = true" time="0.005" classname="Chrome_126_0_0_0_(Windows_10).GatewaysComponent"/>
  <testcase name="GatewaysComponent should handle Change Gateway Capacity operation correctly when multiSiteNamesSupported is true and no changes" time="0.004" classname="Chrome_126_0_0_0_(Windows_10).GatewaysComponent"/>
  <testcase name="GatewaysComponent should reject with an error message on API call error" time="0.005" classname="Chrome_126_0_0_0_(Windows_10).GatewaysComponent"/>
  <testcase name="GatewaysComponent should show error message when selectedRows exceed the line limit" time="0.004" classname="Chrome_126_0_0_0_(Windows_10).GatewaysComponent"/>
  <testcase name="GatewaysComponent should not call onRetriveAllHandle when retrivalCriteria is empty on refreshGatewaysTable" time="0.005" classname="Chrome_126_0_0_0_(Windows_10).GatewaysComponent"/>
  <testcase name="GatewaysComponent should push to operationNameOptions if profileName includes certain values" time="0.005" classname="Chrome_126_0_0_0_(Windows_10).GatewaysComponent"/>
  <testcase name="GatewaysComponent should handle closeEditResultDialog()" time="0.004" classname="Chrome_126_0_0_0_(Windows_10).GatewaysComponent"/>
  <testcase name="GatewaysComponent should reset form and set validators for Pep Server on updateFormValidators true, handleOperationChange()" time="0.006" classname="Chrome_126_0_0_0_(Windows_10).GatewaysComponent"/>
  <testcase name="GatewaysComponent should handle GR_834 operation error and show API error" time="0.003" classname="Chrome_126_0_0_0_(Windows_10).GatewaysComponent"/>
  <testcase name="GatewaysComponent should handleGrGw and resolve with response on successful API call" time="0.006" classname="Chrome_126_0_0_0_(Windows_10).GatewaysComponent"/>
  <testcase name="GatewaysComponent should handle Change Profile Multi when profile names are different" time="0.005" classname="Chrome_126_0_0_0_(Windows_10).GatewaysComponent"/>
  <testcase name="GatewaysComponent should create" time="0.003" classname="Chrome_126_0_0_0_(Windows_10).GatewaysComponent"/>
  <testcase name="GatewaysComponent should fetch ALG options successfully" time="0.005" classname="Chrome_126_0_0_0_(Windows_10).GatewaysComponent"/>
  <testcase name="GatewaysComponent should handle closeNoResDialog()" time="0.003" classname="Chrome_126_0_0_0_(Windows_10).GatewaysComponent"/>
  <testcase name="GatewaysComponent should handle onDetailHandle with successful promises" time="0.004" classname="Chrome_126_0_0_0_(Windows_10).GatewaysComponent"/>
  <testcase name="GatewaysComponent should handle closeAssociateDialog" time="0.005" classname="Chrome_126_0_0_0_(Windows_10).GatewaysComponent"/>
  <testcase name="GatewaysComponent should handle PEP_SERVER operation with error" time="0.004" classname="Chrome_126_0_0_0_(Windows_10).GatewaysComponent"/>
  <testcase name="GatewaysComponent should set selectedAction to null when no rows are selected" time="0.005" classname="Chrome_126_0_0_0_(Windows_10).GatewaysComponent"/>
  <testcase name="GatewaysComponent should handle onEditOperationFormSubmit === false" time="0.003" classname="Chrome_126_0_0_0_(Windows_10).GatewaysComponent"/>
  <testcase name="GatewaysComponent should handle LBL info when isLblSupported returns true" time="0.005" classname="Chrome_126_0_0_0_(Windows_10).GatewaysComponent"/>
  <testcase name="GatewaysComponent should handle edit operation failure" time="0.006" classname="Chrome_126_0_0_0_(Windows_10).GatewaysComponent"/>
  <testcase name="GatewaysComponent should set selectedRowValues and call onEditHandle on icon click" time="0.004" classname="Chrome_126_0_0_0_(Windows_10).GatewaysComponent"/>
  <testcase name="GatewaysComponent should handle onWarningChangeGWCapacityFormSubmit(), event=true and handle error on postLgrpType" time="0.005" classname="Chrome_126_0_0_0_(Windows_10).GatewaysComponent"/>
  <testcase name="GatewaysComponent should handle Change Gateway Capacity operation correctly when multiSiteNamesSupported is true and PICK_LIST_BOTH_CHANGE" time="0.003" classname="Chrome_126_0_0_0_(Windows_10).GatewaysComponent"/>
  <testcase name="GatewaysComponent should reset form and set validators for IP_ADDRESS on updateFormValidators true, handleOperationChange()" time="0.005" classname="Chrome_126_0_0_0_(Windows_10).GatewaysComponent"/>
  <testcase name="GatewaysComponent should handle openDetailDialog()" time="0.004" classname="Chrome_126_0_0_0_(Windows_10).GatewaysComponent"/>
  <testcase name="GatewaysComponent should resolve with response on successful API call" time="0.003" classname="Chrome_126_0_0_0_(Windows_10).GatewaysComponent"/>
  <testcase name="GatewaysComponent should call onRetrieveHandle when retrivalCriteria is not empty on refreshGatewaysTable" time="0.006" classname="Chrome_126_0_0_0_(Windows_10).GatewaysComponent"/>
  <testcase name="GatewaysComponent should handle ngOnChanges" time="0.004" classname="Chrome_126_0_0_0_(Windows_10).GatewaysComponent"/>
  <testcase name="GatewaysComponent should handle closeEditDialog()" time="0.003" classname="Chrome_126_0_0_0_(Windows_10).GatewaysComponent"/>
  <testcase name="GatewaysComponent should handle onWarningChangeLgrpFromSubmit" time="0.005" classname="Chrome_126_0_0_0_(Windows_10).GatewaysComponent"/>
  <testcase name="GatewaysComponent should reset form and set validators for ALG on updateFormValidators true, handleOperationChange()" time="0.004" classname="Chrome_126_0_0_0_(Windows_10).GatewaysComponent"/>
  <testcase name="GatewaysComponent should update selectedRows and selectedAction when checkboxes are changed" time="0.005" classname="Chrome_126_0_0_0_(Windows_10).GatewaysComponent"/>
  <testcase name="GatewaysComponent should resolve with response on successful API call" time="0.005" classname="Chrome_126_0_0_0_(Windows_10).GatewaysComponent"/>
  <testcase name="GatewaysComponent should handle closeDetailDialog()" time="0.003" classname="Chrome_126_0_0_0_(Windows_10).GatewaysComponent"/>
  <testcase name="GatewaysComponent should handle GATEWAY_CAPACITY operation correctly when multiSiteNamesSupported is false and input is a number" time="0.005" classname="Chrome_126_0_0_0_(Windows_10).GatewaysComponent"/>
  <testcase name="GatewaysComponent should handle error when getting ALG options and reject the promise" time="0.004" classname="Chrome_126_0_0_0_(Windows_10).GatewaysComponent"/>
  <testcase name="GatewaysComponent should handle REMOVE_LBL operation correctly and show result dialog on success" time="0.005" classname="Chrome_126_0_0_0_(Windows_10).GatewaysComponent"/>
  <testcase name="GatewaysComponent should resolve with null on empty response" time="0.005" classname="Chrome_126_0_0_0_(Windows_10).GatewaysComponent"/>
  <testcase name="GatewaysComponent should handle LBL_INFO operation correctly and show result dialog on success" time="0.005" classname="Chrome_126_0_0_0_(Windows_10).GatewaysComponent"/>
  <testcase name="GatewaysComponent should handle closeLGRPWarningPopup" time="0.005" classname="Chrome_126_0_0_0_(Windows_10).GatewaysComponent"/>
  <testcase name="GatewaysComponent should handle PROFILE operation correctly" time="0.004" classname="Chrome_126_0_0_0_(Windows_10).GatewaysComponent"/>
  <testcase name="GatewaysComponent should handle ngOnInit()" time="0.006" classname="Chrome_126_0_0_0_(Windows_10).GatewaysComponent"/>
  <testcase name="GatewaysComponent should get PEP server and set options" time="0.005" classname="Chrome_126_0_0_0_(Windows_10).GatewaysComponent"/>
  <testcase name="GatewaysComponent should reset form and set validators for REMOVE_LBL on updateFormValidators true, handleOperationChange()" time="0.005" classname="Chrome_126_0_0_0_(Windows_10).GatewaysComponent"/>
  <testcase name="GatewaysComponent should reset form and set validators for  Gateway Capacity on updateFormValidators true, handleOperationChange()" time="0.006" classname="Chrome_126_0_0_0_(Windows_10).GatewaysComponent"/>
  <testcase name="GatewaysComponent should resolve with response on successful API call" time="0.005" classname="Chrome_126_0_0_0_(Windows_10).GatewaysComponent"/>
  <testcase name="GatewaysComponent should handle SIGNALING operation correctly" time="0.004" classname="Chrome_126_0_0_0_(Windows_10).GatewaysComponent"/>
  <testcase name="GatewaysComponent should handle gateway IP with changeIPAvailable true" time="0.003" classname="Chrome_126_0_0_0_(Windows_10).GatewaysComponent"/>
  <testcase name="GatewaysComponent should handle onWarningChangeGWCapacityFormSubmit(), event=false" time="0.006" classname="Chrome_126_0_0_0_(Windows_10).GatewaysComponent"/>
  <testcase name="GatewaysComponent should fetch data from the service and update component properties on success" time="0.004" classname="Chrome_126_0_0_0_(Windows_10).GatewaysComponent"/>
  <testcase name="GatewaysComponent should handle errors when any of the promises reject" time="0.004" classname="Chrome_126_0_0_0_(Windows_10).GatewaysComponent"/>
  <testcase name="GatewaysComponent should handle GR_834 operation correctly and show success dialog" time="0.004" classname="Chrome_126_0_0_0_(Windows_10).GatewaysComponent"/>
  <testcase name="GatewaysComponent should handle onEditOperationFormSubmit === true" time="0.003" classname="Chrome_126_0_0_0_(Windows_10).GatewaysComponent"/>
  <testcase name="GatewaysComponent should handle onWarningChangeGWCapacityFormSubmit(), event=true" time="0.005" classname="Chrome_126_0_0_0_(Windows_10).GatewaysComponent"/>
  <testcase name="GatewaysComponent should handle SIGNALING operation correctly confirmation event=true" time="0.004" classname="Chrome_126_0_0_0_(Windows_10).GatewaysComponent"/>
  <testcase name="GatewaysComponent should retrieve all with error" time="0.006" classname="Chrome_126_0_0_0_(Windows_10).GatewaysComponent"/>
  <testcase name="GatewaysComponent should updateFormValidators false, handleOperationChange(), with error" time="0.005" classname="Chrome_126_0_0_0_(Windows_10).GatewaysComponent"/>
  <testcase name="GatewaysComponent should reset form and set validators for ALG on updateFormValidators true, handleOperationChange()" time="0.006" classname="Chrome_126_0_0_0_(Windows_10).GatewaysComponent"/>
  <testcase name="GatewaysComponent should handle onDetailHandle with all promises empty" time="0.004" classname="Chrome_126_0_0_0_(Windows_10).GatewaysComponent"/>
  <testcase name="GatewaysComponent should handle error changeSignalingGWDialogFooterHandler event=true" time="0.005" classname="Chrome_126_0_0_0_(Windows_10).GatewaysComponent"/>
  <testcase name="GatewaysComponent should return true if the value has been searched before" time="0.004" classname="Chrome_126_0_0_0_(Windows_10).GatewaysComponent"/>
  <testcase name="GatewaysComponent should handle changeSignalingGWDialogFooterHandler event=false" time="0.004" classname="Chrome_126_0_0_0_(Windows_10).GatewaysComponent"/>
  <testcase name="GatewaysComponent should reset form and set validators for GR_834 on updateFormValidators true, handleOperationChange()" time="0.004" classname="Chrome_126_0_0_0_(Windows_10).GatewaysComponent"/>
  <testcase name="GatewaysComponent should handle error signaling gateway" time="0.004" classname="Chrome_126_0_0_0_(Windows_10).GatewaysComponent"/>
  <testcase name="GatewaysComponent should updateFormValidators false, handleOperationChange(), selectedRowValues.algName not equals form values" time="0.005" classname="Chrome_126_0_0_0_(Windows_10).GatewaysComponent"/>
  <testcase name="GatewaysComponent should handle closeInfoPopup" time="0.005" classname="Chrome_126_0_0_0_(Windows_10).GatewaysComponent"/>
  <testcase name="GatewaysComponent should handle error when getting profiles" time="0.004" classname="Chrome_126_0_0_0_(Windows_10).GatewaysComponent"/>
  <testcase name="GatewaysComponent should handle closeErrorDialog" time="0.006" classname="Chrome_126_0_0_0_(Windows_10).GatewaysComponent"/>
  <testcase name="GatewaysComponent should updateFormValidators false, handleOperationChange(), selectedRowValues.algName equals form values" time="0.004" classname="Chrome_126_0_0_0_(Windows_10).GatewaysComponent"/>
  <testcase name="GatewaysComponent should reset form and set validators for SIGNALING on updateFormValidators true, handleOperationChange()" time="0.006" classname="Chrome_126_0_0_0_(Windows_10).GatewaysComponent"/>
  <testcase name="GatewaysComponent should handle GATEWAY_CAPACITY operation correctly when multiSiteNamesSupported is false and input is not a number" time="0.004" classname="Chrome_126_0_0_0_(Windows_10).GatewaysComponent"/>
  <testcase name="GatewaysComponent should handle onRetrieveHandle === false" time="0.004" classname="Chrome_126_0_0_0_(Windows_10).GatewaysComponent"/>
  <testcase name="GatewaysComponent should set selectedAction to null after a delay" time="0.004" classname="Chrome_126_0_0_0_(Windows_10).GatewaysComponent"/>
  <testcase name="GatewaysComponent should return false if the value has not been searched before" time="0.006" classname="Chrome_126_0_0_0_(Windows_10).GatewaysComponent"/>
  <testcase name="GatewaysComponent should handle PROFILE_BULK operation correctly" time="0.005" classname="Chrome_126_0_0_0_(Windows_10).GatewaysComponent"/>
  <testcase name="GatewaysComponent should handle LBL_INFO operation and show error dialog when secipAddress is empty" time="0.006" classname="Chrome_126_0_0_0_(Windows_10).GatewaysComponent"/>
  <testcase name="GatewaysComponent should handle error during LGRP_TYPE operation -> saveLgrpType" time="0.005" classname="Chrome_126_0_0_0_(Windows_10).GatewaysComponent"/>
  <testcase name="GatewaysComponent should handle REMOVE_LBL operation and show API error dialog on failure" time="0.004" classname="Chrome_126_0_0_0_(Windows_10).GatewaysComponent"/>
  <testcase name="GatewaysComponent should handle edit operation successfully" time="0.006" classname="Chrome_126_0_0_0_(Windows_10).GatewaysComponent"/>
  <testcase name="GatewaysComponent should reset form and set validators for PROFILE_BULK on updateFormValidators true, handleOperationChange()" time="0.004" classname="Chrome_126_0_0_0_(Windows_10).GatewaysComponent"/>
  <testcase name="GatewaysComponent should handle signaling gateway" time="0.005" classname="Chrome_126_0_0_0_(Windows_10).GatewaysComponent"/>
  <testcase name="GatewaysComponent should reset form and set validators for LBL_INFO on updateFormValidators true, handleOperationChange()" time="0.005" classname="Chrome_126_0_0_0_(Windows_10).GatewaysComponent"/>
  <testcase name="GatewaysComponent should handle closeWarningPopup()" time="0.006" classname="Chrome_126_0_0_0_(Windows_10).GatewaysComponent"/>
  <testcase name="GatewaysComponent should reject on API call error" time="0.006" classname="Chrome_126_0_0_0_(Windows_10).GatewaysComponent"/>
  <testcase name="GatewaysComponent should set lgrpTypeOptions based on the response" time="0.006" classname="Chrome_126_0_0_0_(Windows_10).GatewaysComponent"/>
  <testcase name="GatewaysComponent getGatewayDataSearchRetrive handle error" time="0.004" classname="Chrome_126_0_0_0_(Windows_10).GatewaysComponent"/>
  <testcase name="GatewaysComponent should updateFormValidators false, handleOperationChange(), selectedRowValues.pepServerName equals form values" time="0.004" classname="Chrome_126_0_0_0_(Windows_10).GatewaysComponent"/>
  <testcase name="GatewaysComponent should handle PEP_SERVER operation correctly when values do not match" time="0.003" classname="Chrome_126_0_0_0_(Windows_10).GatewaysComponent"/>
  <testcase name="GatewaysComponent should handle gateway IP with error" time="0.005" classname="Chrome_126_0_0_0_(Windows_10).GatewaysComponent"/>
  <testcase name="GatewaysComponent should callGwApplicationData and reject" time="0.003" classname="Chrome_126_0_0_0_(Windows_10).GatewaysComponent"/>
  <testcase name="GatewaysComponent should handle PROFILE operation correctly and handle error" time="0.004" classname="Chrome_126_0_0_0_(Windows_10).GatewaysComponent"/>
  <testcase name="GatewaysComponent should get profiles and update profileOptions" time="0.005" classname="Chrome_126_0_0_0_(Windows_10).GatewaysComponent"/>
  <testcase name="GatewaysComponent should get GW capacity and set properties" time="0.003" classname="Chrome_126_0_0_0_(Windows_10).GatewaysComponent"/>
  <testcase name="GatewaysComponent should reset form and set validators for LGRP_TYPE on updateFormValidators true, handleOperationChange()" time="0.004" classname="Chrome_126_0_0_0_(Windows_10).GatewaysComponent"/>
  <testcase name="GatewaysComponent should handle initBulkActions()" time="0.004" classname="Chrome_126_0_0_0_(Windows_10).GatewaysComponent"/>
  <testcase name="InterfaceInputsComponent should add interfacebrowser if isAddinterface and confirm cancel" time="0.005" classname="Chrome_126_0_0_0_(Windows_10).InterfaceInputsComponent"/>
  <testcase name="InterfaceInputsComponent should show error message on failed request addinterface" time="0.004" classname="Chrome_126_0_0_0_(Windows_10).InterfaceInputsComponent"/>
  <testcase name="InterfaceInputsComponent should call addinterface method from service" time="0.004" classname="Chrome_126_0_0_0_(Windows_10).InterfaceInputsComponent"/>
  <testcase name="InterfaceInputsComponent should show api error if getInterfaceRequest throws error" time="0.005" classname="Chrome_126_0_0_0_(Windows_10).InterfaceInputsComponent"/>
  <testcase name="InterfaceInputsComponent should modify show api error on error" time="0.005" classname="Chrome_126_0_0_0_(Windows_10).InterfaceInputsComponent"/>
  <testcase name="InterfaceInputsComponent should closeConfirmDialog" time="0.003" classname="Chrome_126_0_0_0_(Windows_10).InterfaceInputsComponent"/>
  <testcase name="InterfaceInputsComponent should modify interface successfull request but validation error " time="0.005" classname="Chrome_126_0_0_0_(Windows_10).InterfaceInputsComponent"/>
  <testcase name="InterfaceInputsComponent should add interfacebrowser if isAddinterface" time="0.005" classname="Chrome_126_0_0_0_(Windows_10).InterfaceInputsComponent"/>
  <testcase name="InterfaceInputsComponent should modify interface" time="0.003" classname="Chrome_126_0_0_0_(Windows_10).InterfaceInputsComponent"/>
  <testcase name="InterfaceInputsComponent should modify should get default values on cancel" time="0.005" classname="Chrome_126_0_0_0_(Windows_10).InterfaceInputsComponent"/>
  <testcase name="InterfaceInputsComponent should emit an event with the event target id" time="0.006" classname="Chrome_126_0_0_0_(Windows_10).InterfaceInputsComponent"/>
  <testcase name="InterfaceInputsComponent should emit closeDialogEmitter with the correct parameter" time="0.006" classname="Chrome_126_0_0_0_(Windows_10).InterfaceInputsComponent"/>
  <testcase name="InterfaceInputsComponent should modify interfacebrowser if not isAddinterface" time="0.005" classname="Chrome_126_0_0_0_(Windows_10).InterfaceInputsComponent"/>
  <testcase name="InterfaceInputsComponent should not call getInterfaceTemplate when isAddInterface is true" time="0.003" classname="Chrome_126_0_0_0_(Windows_10).InterfaceInputsComponent"/>
  <testcase name="InterfaceInputsComponent should create" time="0.005" classname="Chrome_126_0_0_0_(Windows_10).InterfaceInputsComponent"/>
  <testcase name="InterfaceInputsComponent should add interface throw error popup on successfull request but validation error " time="0.005" classname="Chrome_126_0_0_0_(Windows_10).InterfaceInputsComponent"/>
  <testcase name="InterfaceInputsComponent should should call getInterfaceBrowserTemplate method" time="0.003" classname="Chrome_126_0_0_0_(Windows_10).InterfaceInputsComponent"/>
  <testcase name="InterfaceInputsComponent should go back to default values on cancel" time="0.004" classname="Chrome_126_0_0_0_(Windows_10).InterfaceInputsComponent"/>
  <testcase name="PepServersComponent should call deleteDialogFooterHandler() with event=true" time="0.005" classname="Chrome_126_0_0_0_(Windows_10).PepServersComponent"/>
  <testcase name="PepServersComponent should call editPepServerFormFooterHandler() with event=true" time="0.004" classname="Chrome_126_0_0_0_(Windows_10).PepServersComponent"/>
  <testcase name="PepServersComponent should handle error on deletePepServer()" time="0.005" classname="Chrome_126_0_0_0_(Windows_10).PepServersComponent"/>
  <testcase name="PepServersComponent should call deleteDialogFooterHandler() with event=false" time="0.003" classname="Chrome_126_0_0_0_(Windows_10).PepServersComponent"/>
  <testcase name="PepServersComponent should update isDataChanged on form changes" time="0.005" classname="Chrome_126_0_0_0_(Windows_10).PepServersComponent"/>
  <testcase name="PepServersComponent should call addPepServerFormFooterHandler() with event=false" time="0.005" classname="Chrome_126_0_0_0_(Windows_10).PepServersComponent"/>
  <testcase name="PepServersComponent should reset deleteSelectedData and hide delete dialog" time="0.003" classname="Chrome_126_0_0_0_(Windows_10).PepServersComponent"/>
  <testcase name="PepServersComponent should call closeDeleteErrorDialog" time="0.005" classname="Chrome_126_0_0_0_(Windows_10).PepServersComponent"/>
  <testcase name="PepServersComponent should call deletePepServer()" time="0.004" classname="Chrome_126_0_0_0_(Windows_10).PepServersComponent"/>
  <testcase name="PepServersComponent should call addNewPepServerBtn()" time="0.003" classname="Chrome_126_0_0_0_(Windows_10).PepServersComponent"/>
  <testcase name="PepServersComponent should call showOrHideButtonClick()" time="0.005" classname="Chrome_126_0_0_0_(Windows_10).PepServersComponent"/>
  <testcase name="PepServersComponent should handle error and set messageText, detailsText, and showErrorDialog" time="0.003" classname="Chrome_126_0_0_0_(Windows_10).PepServersComponent"/>
  <testcase name="PepServersComponent should call addPepServerFormFooterHandler() with event=true" time="0.003" classname="Chrome_126_0_0_0_(Windows_10).PepServersComponent"/>
  <testcase name="PepServersComponent should call closeErrorDialog()" time="0.003" classname="Chrome_126_0_0_0_(Windows_10).PepServersComponent"/>
  <testcase name="PepServersComponent should call closeEditDialogAndDeleteFormValue()" time="0.005" classname="Chrome_126_0_0_0_(Windows_10).PepServersComponent"/>
  <testcase name="PepServersComponent should call closeAddDialogAndDeleteFormValue()" time="0.003" classname="Chrome_126_0_0_0_(Windows_10).PepServersComponent"/>
  <testcase name="PepServersComponent should call editPepServer()" time="0.003" classname="Chrome_126_0_0_0_(Windows_10).PepServersComponent"/>
  <testcase name="PepServersComponent should call isDataChangedValue()" time="0.005" classname="Chrome_126_0_0_0_(Windows_10).PepServersComponent"/>
  <testcase name="PepServersComponent should call addPepServer()" time="0.003" classname="Chrome_126_0_0_0_(Windows_10).PepServersComponent"/>
  <testcase name="PepServersComponent should handle error and set messageText, detailsText, and showErrorDialog" time="0.005" classname="Chrome_126_0_0_0_(Windows_10).PepServersComponent"/>
  <testcase name="PepServersComponent should call editPepServerFormFooterHandler() with event=false" time="0.004" classname="Chrome_126_0_0_0_(Windows_10).PepServersComponent"/>
  <testcase name="PepServersComponent should change type and protocol version for UI" time="0.004" classname="Chrome_126_0_0_0_(Windows_10).PepServersComponent"/>
  <testcase name="PepServersComponent should refreshTable()" time="0.004" classname="Chrome_126_0_0_0_(Windows_10).PepServersComponent"/>
  <testcase name="PepServersComponent should change type and protocol version for UI, protVersion DQOS I04" time="0.003" classname="Chrome_126_0_0_0_(Windows_10).PepServersComponent"/>
  <testcase name="PepServersComponent should create" time="0.003" classname="Chrome_126_0_0_0_(Windows_10).PepServersComponent"/>
  <testcase name="PepServersComponent should call getPepServersData() and resturns error" time="0.004" classname="Chrome_126_0_0_0_(Windows_10).PepServersComponent"/>
  <testcase name="PepServersComponent should change type and protocol version for UI, protVersion DQOS I03" time="0.003" classname="Chrome_126_0_0_0_(Windows_10).PepServersComponent"/>
  <testcase name="DisassociateDialogService should be created" time="0.001" classname="Chrome_126_0_0_0_(Windows_10).DisassociateDialogService"/>
  <testcase name="RootViewComponent should call logout function when the user clicks on the yes button on the  Logout popup" time="0.002" classname="Chrome_126_0_0_0_(Windows_10).RootViewComponent"/>
  <testcase name="RootViewComponent should return a valid session" time="0.003" classname="Chrome_126_0_0_0_(Windows_10).RootViewComponent"/>
  <testcase name="RootViewComponent should set idleTime to sessionStorage" time="0.002" classname="Chrome_126_0_0_0_(Windows_10).RootViewComponent"/>
  <testcase name="RootViewComponent should show the error message when can not get the session timeout" time="0.001" classname="Chrome_126_0_0_0_(Windows_10).RootViewComponent"/>
  <testcase name="RootViewComponent should return the error message when refresh user's session fails" time="0.002" classname="Chrome_126_0_0_0_(Windows_10).RootViewComponent"/>
  <testcase name="RootViewComponent should return a invalid session" time="0.001" classname="Chrome_126_0_0_0_(Windows_10).RootViewComponent"/>
  <testcase name="RootViewComponent should call menuItemClicked" time="0.001" classname="Chrome_126_0_0_0_(Windows_10).RootViewComponent"/>
  <testcase name="RootViewComponent should show the error message when logout fails" time="0.001" classname="Chrome_126_0_0_0_(Windows_10).RootViewComponent"/>
  <testcase name="RootViewComponent should call refresh session function" time="0.001" classname="Chrome_126_0_0_0_(Windows_10).RootViewComponent"/>
  <testcase name="RootViewComponent should create" time="0.002" classname="Chrome_126_0_0_0_(Windows_10).RootViewComponent"/>
  <testcase name="StorageService should remove storage data" time="0.001" classname="Chrome_126_0_0_0_(Windows_10).StorageService"/>
  <testcase name="StorageService should set and get sessionId" time="0" classname="Chrome_126_0_0_0_(Windows_10).StorageService"/>
  <testcase name="StorageService should set and get preferences" time="0.001" classname="Chrome_126_0_0_0_(Windows_10).StorageService"/>
  <testcase name="StorageService should set and get clli" time="0" classname="Chrome_126_0_0_0_(Windows_10).StorageService"/>
  <testcase name="StorageService should be created" time="0.001" classname="Chrome_126_0_0_0_(Windows_10).StorageService"/>
  <testcase name="StorageService should set and get cBMgIP" time="0" classname="Chrome_126_0_0_0_(Windows_10).StorageService"/>
  <testcase name="QosCollectorsComponent should create" time="0.004" classname="Chrome_126_0_0_0_(Windows_10).QosCollectorsComponent"/>
  <testcase name="QosCollectorsComponent should call closeAddDialogAndDeleteFormValue()" time="0.002" classname="Chrome_126_0_0_0_(Windows_10).QosCollectorsComponent"/>
  <testcase name="QosCollectorsComponent should call getQOSCollectorsData() and resturns error" time="0.005" classname="Chrome_126_0_0_0_(Windows_10).QosCollectorsComponent"/>
  <testcase name="QosCollectorsComponent should handle error and set messageText, detailsText, and showErrorDialog" time="0.004" classname="Chrome_126_0_0_0_(Windows_10).QosCollectorsComponent"/>
  <testcase name="QosCollectorsComponent should call closeErrorDialog()" time="0.003" classname="Chrome_126_0_0_0_(Windows_10).QosCollectorsComponent"/>
  <testcase name="QosCollectorsComponent should call deleteQoscollector()" time="0.004" classname="Chrome_126_0_0_0_(Windows_10).QosCollectorsComponent"/>
  <testcase name="QosCollectorsComponent should handle deleteQosCollector error and set messageText, detailsText, and showErrorDialog" time="0.005" classname="Chrome_126_0_0_0_(Windows_10).QosCollectorsComponent"/>
  <testcase name="QosCollectorsComponent should call addQosCollector()" time="0.003" classname="Chrome_126_0_0_0_(Windows_10).QosCollectorsComponent"/>
  <testcase name="QosCollectorsComponent should call showOrHideButtonClick()" time="0.003" classname="Chrome_126_0_0_0_(Windows_10).QosCollectorsComponent"/>
  <testcase name="QosCollectorsComponent should call addQosCollectorFormFooterHandler() with event=false" time="0.004" classname="Chrome_126_0_0_0_(Windows_10).QosCollectorsComponent"/>
  <testcase name="QosCollectorsComponent should call deleteDialogFooterHandler() with event=true" time="0.004" classname="Chrome_126_0_0_0_(Windows_10).QosCollectorsComponent"/>
  <testcase name="QosCollectorsComponent should call deleteDialogFooterHandler() with event=false" time="0.002" classname="Chrome_126_0_0_0_(Windows_10).QosCollectorsComponent"/>
  <testcase name="QosCollectorsComponent should call addQosCollectorFormFooterHandler() with event=true" time="0.003" classname="Chrome_126_0_0_0_(Windows_10).QosCollectorsComponent"/>
  <testcase name="QosCollectorsComponent should call addNewQoSCollectorBtn()" time="0.004" classname="Chrome_126_0_0_0_(Windows_10).QosCollectorsComponent"/>
  <testcase name="QosCollectorsComponent should handle deleteQosCollector error with showAPIError" time="0.004" classname="Chrome_126_0_0_0_(Windows_10).QosCollectorsComponent"/>
  <testcase name="NetworkConfigurationComponent should create" time="0.029" classname="Chrome_126_0_0_0_(Windows_10).NetworkConfigurationComponent"/>
  <testcase name="NetworkConfigurationService should call updateGWCDomainName" time="0.002" classname="Chrome_126_0_0_0_(Windows_10).NetworkConfigurationService"/>
  <testcase name="NetworkConfigurationService should call getNtwkCodecProfile" time="0.001" classname="Chrome_126_0_0_0_(Windows_10).NetworkConfigurationService"/>
  <testcase name="NetworkConfigurationService should call addNwkCodecProfile" time="0.001" classname="Chrome_126_0_0_0_(Windows_10).NetworkConfigurationService"/>
  <testcase name="NetworkConfigurationService should call deleteNwkCodecProfile" time="0.001" classname="Chrome_126_0_0_0_(Windows_10).NetworkConfigurationService"/>
  <testcase name="NetworkConfigurationService should call deleteQosCollector" time="0" classname="Chrome_126_0_0_0_(Windows_10).NetworkConfigurationService"/>
  <testcase name="NetworkConfigurationService should call editNwkCodecProfile" time="0.001" classname="Chrome_126_0_0_0_(Windows_10).NetworkConfigurationService"/>
  <testcase name="NetworkConfigurationService should call addGRGW" time="0" classname="Chrome_126_0_0_0_(Windows_10).NetworkConfigurationService"/>
  <testcase name="NetworkConfigurationService should call getGRGWs" time="0.001" classname="Chrome_126_0_0_0_(Windows_10).NetworkConfigurationService"/>
  <testcase name="NetworkConfigurationService should call getGWType" time="0.001" classname="Chrome_126_0_0_0_(Windows_10).NetworkConfigurationService"/>
  <testcase name="NetworkConfigurationService should call isGRGWUsed" time="0" classname="Chrome_126_0_0_0_(Windows_10).NetworkConfigurationService"/>
  <testcase name="NetworkConfigurationService should call getQoSCollectors" time="0.001" classname="Chrome_126_0_0_0_(Windows_10).NetworkConfigurationService"/>
  <testcase name="NetworkConfigurationService should call addPepServer" time="0" classname="Chrome_126_0_0_0_(Windows_10).NetworkConfigurationService"/>
  <testcase name="NetworkConfigurationService should call addQoSCollector" time="0.001" classname="Chrome_126_0_0_0_(Windows_10).NetworkConfigurationService"/>
  <testcase name="NetworkConfigurationService should call deletePepServer" time="0" classname="Chrome_126_0_0_0_(Windows_10).NetworkConfigurationService"/>
  <testcase name="NetworkConfigurationService should call getDQoSConf" time="0.001" classname="Chrome_126_0_0_0_(Windows_10).NetworkConfigurationService"/>
  <testcase name="NetworkConfigurationService should call editPepServer" time="0" classname="Chrome_126_0_0_0_(Windows_10).NetworkConfigurationService"/>
  <testcase name="NetworkConfigurationService should call getCallAgentIP" time="0.001" classname="Chrome_126_0_0_0_(Windows_10).NetworkConfigurationService"/>
  <testcase name="NetworkConfigurationService should call saveDQoSConf" time="0.001" classname="Chrome_126_0_0_0_(Windows_10).NetworkConfigurationService"/>
  <testcase name="NetworkConfigurationService should call getGWCDomainName" time="0.001" classname="Chrome_126_0_0_0_(Windows_10).NetworkConfigurationService"/>
  <testcase name="NetworkConfigurationService should call deleteGRGW" time="0.001" classname="Chrome_126_0_0_0_(Windows_10).NetworkConfigurationService"/>
  <testcase name="NetworkConfigurationService should be created" time="0" classname="Chrome_126_0_0_0_(Windows_10).NetworkConfigurationService"/>
  <testcase name="NetworkConfigurationService should call editGRGW" time="0" classname="Chrome_126_0_0_0_(Windows_10).NetworkConfigurationService"/>
  <testcase name="NetworkConfigurationService should call getPepServers" time="0" classname="Chrome_126_0_0_0_(Windows_10).NetworkConfigurationService"/>
  <testcase name="InterfaceBrowserComponent should fetchSig data and update sigIds" time="0.003" classname="Chrome_126_0_0_0_(Windows_10).InterfaceBrowserComponent"/>
  <testcase name="InterfaceBrowserComponent should show error message if  fetchRing request has error" time="0.002" classname="Chrome_126_0_0_0_(Windows_10).InterfaceBrowserComponent"/>
  <testcase name="InterfaceBrowserComponent should show error message if error happens after close dialog request" time="0.003" classname="Chrome_126_0_0_0_(Windows_10).InterfaceBrowserComponent"/>
  <testcase name="InterfaceBrowserComponent should delete selected interfaceBrowser" time="0.004" classname="Chrome_126_0_0_0_(Windows_10).InterfaceBrowserComponent"/>
  <testcase name="InterfaceBrowserComponent should show error message if  fetchSig request has error" time="0.002" classname="Chrome_126_0_0_0_(Windows_10).InterfaceBrowserComponent"/>
  <testcase name="InterfaceBrowserComponent should create" time="0.002" classname="Chrome_126_0_0_0_(Windows_10).InterfaceBrowserComponent"/>
  <testcase name="InterfaceBrowserComponent should fetchRing data and update ringIds" time="0.002" classname="Chrome_126_0_0_0_(Windows_10).InterfaceBrowserComponent"/>
  <testcase name="InterfaceBrowserComponent should show error message if  provIds request has error" time="0.004" classname="Chrome_126_0_0_0_(Windows_10).InterfaceBrowserComponent"/>
  <testcase name="InterfaceBrowserComponent should open add interface dialog" time="0.004" classname="Chrome_126_0_0_0_(Windows_10).InterfaceBrowserComponent"/>
  <testcase name="InterfaceBrowserComponent should fetchProv data and update provIds" time="0.003" classname="Chrome_126_0_0_0_(Windows_10).InterfaceBrowserComponent"/>
  <testcase name="InterfaceBrowserComponent should get interfaceBrowserIds if change happened after close dialog" time="0.002" classname="Chrome_126_0_0_0_(Windows_10).InterfaceBrowserComponent"/>
  <testcase name="InterfaceBrowserComponent should open delete interface dialog" time="0.004" classname="Chrome_126_0_0_0_(Windows_10).InterfaceBrowserComponent"/>
  <testcase name="InterfaceBrowserComponent should opendeleteconfirm dialog" time="0.003" classname="Chrome_126_0_0_0_(Windows_10).InterfaceBrowserComponent"/>
  <testcase name="InterfaceBrowserComponent should deleteSelected identifier error and close dialog" time="0.002" classname="Chrome_126_0_0_0_(Windows_10).InterfaceBrowserComponent"/>
  <testcase name="PreferencesService should be created" time="0.001" classname="Chrome_126_0_0_0_(Windows_10).PreferencesService"/>
  <testcase name="PreferencesService should call startWithCondition" time="0" classname="Chrome_126_0_0_0_(Windows_10).PreferencesService"/>
  <testcase name="PreferencesService should call handlePreferencesStorage" time="0" classname="Chrome_126_0_0_0_(Windows_10).PreferencesService"/>
  <testcase name="PreferencesService should call startAutoTermiation" time="0.001" classname="Chrome_126_0_0_0_(Windows_10).PreferencesService"/>
  <testcase name="PreferencesService should call startAutoRefresh with interval > 0" time="0" classname="Chrome_126_0_0_0_(Windows_10).PreferencesService"/>
  <testcase name="PreferencesService should call checkPreferences" time="0" classname="Chrome_126_0_0_0_(Windows_10).PreferencesService"/>
  <testcase name="PreferencesService should call getPreferencesCPDRequest" time="0" classname="Chrome_126_0_0_0_(Windows_10).PreferencesService"/>
  <testcase name="PreferencesService should call stopAutoRefresh" time="0" classname="Chrome_126_0_0_0_(Windows_10).PreferencesService"/>
  <testcase name="PreferencesService should call getPreferencesTermiationTime" time="0.001" classname="Chrome_126_0_0_0_(Windows_10).PreferencesService"/>
  <testcase name="PreferencesService should call getPreferencesRefreshTime" time="0" classname="Chrome_126_0_0_0_(Windows_10).PreferencesService"/>
  <testcase name="AuditUtilitiesService should be created" time="0.001" classname="Chrome_126_0_0_0_(Windows_10).AuditUtilitiesService"/>
  <testcase name="AuditUtilitiesService should call getGranularAuditData case Line Data Integrity Audit" time="0" classname="Chrome_126_0_0_0_(Windows_10).AuditUtilitiesService"/>
  <testcase name="AuditUtilitiesService should call getGranularAuditData case Trunk Data Integrity Audit" time="0.001" classname="Chrome_126_0_0_0_(Windows_10).AuditUtilitiesService"/>
  <testcase name="AuditUtilitiesService should call isScheduledAuditAvailable" time="0" classname="Chrome_126_0_0_0_(Windows_10).AuditUtilitiesService"/>
  <testcase name="AuditUtilitiesService should call getGranularAuditData case C20 Data Integrity Audit" time="0.001" classname="Chrome_126_0_0_0_(Windows_10).AuditUtilitiesService"/>
  <testcase name="CommonService should call clearToastMessage" time="0.001" classname="Chrome_126_0_0_0_(Windows_10).CommonService"/>
  <testcase name="CommonService should call showSuccessMessage" time="0" classname="Chrome_126_0_0_0_(Windows_10).CommonService"/>
  <testcase name="CommonService should call showWarnMessage" time="0.001" classname="Chrome_126_0_0_0_(Windows_10).CommonService"/>
  <testcase name="CommonService should call formatTime" time="0" classname="Chrome_126_0_0_0_(Windows_10).CommonService"/>
  <testcase name="CommonService should call showInfoMessage" time="0.001" classname="Chrome_126_0_0_0_(Windows_10).CommonService"/>
  <testcase name="CommonService should call showAPIError" time="0" classname="Chrome_126_0_0_0_(Windows_10).CommonService"/>
  <testcase name="CommonService should be created" time="0.001" classname="Chrome_126_0_0_0_(Windows_10).CommonService"/>
  <testcase name="CommonService should call showErrorMessage" time="0" classname="Chrome_126_0_0_0_(Windows_10).CommonService"/>
  <testcase name="CommonService should call getCurrentTime" time="0.001" classname="Chrome_126_0_0_0_(Windows_10).CommonService"/>
  <testcase name="TgrpComponent should create" time="0.004" classname="Chrome_126_0_0_0_(Windows_10).TgrpComponent"/>
  <testcase name="TgrpComponent should handle switch when value is false" time="0.004" classname="Chrome_126_0_0_0_(Windows_10).TgrpComponent"/>
  <testcase name="TgrpComponent should handle switch when value is true" time="0.002" classname="Chrome_126_0_0_0_(Windows_10).TgrpComponent"/>
  <testcase name="InterfaceBrowserService should call deleteDataBody for deleteRing" time="0.001" classname="Chrome_126_0_0_0_(Windows_10).InterfaceBrowserService"/>
  <testcase name="InterfaceBrowserService should call put for addNewRing" time="0" classname="Chrome_126_0_0_0_(Windows_10).InterfaceBrowserService"/>
  <testcase name="InterfaceBrowserService should call postDataBody for modifyRing" time="0.001" classname="Chrome_126_0_0_0_(Windows_10).InterfaceBrowserService"/>
  <testcase name="InterfaceBrowserService should call postDataBody method for carrierInterfaceMapping" time="0" classname="Chrome_126_0_0_0_(Windows_10).InterfaceBrowserService"/>
  <testcase name="InterfaceBrowserService should call getDataBody for getRingTemplate" time="0.001" classname="Chrome_126_0_0_0_(Windows_10).InterfaceBrowserService"/>
  <testcase name="InterfaceBrowserService should call postDataBody method for modifyInterfaceBrowser" time="0.001" classname="Chrome_126_0_0_0_(Windows_10).InterfaceBrowserService"/>
  <testcase name="InterfaceBrowserService should call put method for addNewInterfaceBrowser" time="0.001" classname="Chrome_126_0_0_0_(Windows_10).InterfaceBrowserService"/>
  <testcase name="InterfaceBrowserService should call deleteDataBody method for deleteInterfaceBrowser" time="0.001" classname="Chrome_126_0_0_0_(Windows_10).InterfaceBrowserService"/>
  <testcase name="InterfaceBrowserService should call getDataBody method for getProvTemplateId" time="0" classname="Chrome_126_0_0_0_(Windows_10).InterfaceBrowserService"/>
  <testcase name="InterfaceBrowserService should call postDataBody method for deleteSig" time="0.001" classname="Chrome_126_0_0_0_(Windows_10).InterfaceBrowserService"/>
  <testcase name="InterfaceBrowserService should call postDataBody method for modifySig" time="0" classname="Chrome_126_0_0_0_(Windows_10).InterfaceBrowserService"/>
  <testcase name="InterfaceBrowserService should call postDataBody method for modifyProvTemplate" time="0.001" classname="Chrome_126_0_0_0_(Windows_10).InterfaceBrowserService"/>
  <testcase name="InterfaceBrowserService should call getDataBody method for getProvTemplate" time="0" classname="Chrome_126_0_0_0_(Windows_10).InterfaceBrowserService"/>
  <testcase name="InterfaceBrowserService should call getDataBody method for getInterfaceBrowserTemplate" time="0" classname="Chrome_126_0_0_0_(Windows_10).InterfaceBrowserService"/>
  <testcase name="InterfaceBrowserService should call put method for addProvTemplate" time="0" classname="Chrome_126_0_0_0_(Windows_10).InterfaceBrowserService"/>
  <testcase name="InterfaceBrowserService should call deleteDataBody method for deleteProv" time="0.001" classname="Chrome_126_0_0_0_(Windows_10).InterfaceBrowserService"/>
  <testcase name="InterfaceBrowserService should call getDataBody for getInterfaceBrowserTemplateID" time="0" classname="Chrome_126_0_0_0_(Windows_10).InterfaceBrowserService"/>
  <testcase name="InterfaceBrowserService should call postDataBody for getSigTemplate" time="0.001" classname="Chrome_126_0_0_0_(Windows_10).InterfaceBrowserService"/>
  <testcase name="InterfaceBrowserService should call getDataBody for getRingTemplateId" time="0" classname="Chrome_126_0_0_0_(Windows_10).InterfaceBrowserService"/>
  <testcase name="InterfaceBrowserService should be created" time="0.001" classname="Chrome_126_0_0_0_(Windows_10).InterfaceBrowserService"/>
  <testcase name="InterfaceBrowserService should call getDataBody for getSigTemplateId" time="0" classname="Chrome_126_0_0_0_(Windows_10).InterfaceBrowserService"/>
  <testcase name="InterfaceBrowserService should call put method for addNewSig" time="0.001" classname="Chrome_126_0_0_0_(Windows_10).InterfaceBrowserService"/>
  <testcase name="MaintenanceTriggerService should be created" time="0.001" classname="Chrome_126_0_0_0_(Windows_10).MaintenanceTriggerService"/>
  <testcase name="OverviewComponent should create" time="0.006" classname="Chrome_126_0_0_0_(Windows_10).OverviewComponent"/>
  <testcase name="LgrpLocationComponent should create" time="0.003" classname="Chrome_126_0_0_0_(Windows_10).LgrpLocationComponent"/>
  <testcase name="LgrpLocationComponent should disable controls and reset values when endpointNumber changes and is not 8" time="0.003" classname="Chrome_126_0_0_0_(Windows_10).LgrpLocationComponent"/>
  <testcase name="LgrpLocationComponent should enable controls and reset values when endpointNumber changes 8" time="0.005" classname="Chrome_126_0_0_0_(Windows_10).LgrpLocationComponent"/>
  <testcase name="C20DataIntegrityAuditComponent should create" time="0.007" classname="Chrome_126_0_0_0_(Windows_10).C20DataIntegrityAuditComponent"/>
  <testcase name="C20DataIntegrityAuditComponent should call handleChangeIntegrity case accept" time="0.007" classname="Chrome_126_0_0_0_(Windows_10).C20DataIntegrityAuditComponent"/>
  <testcase name="C20DataIntegrityAuditComponent should call checkStatusConfigurationToRun" time="0.004" classname="Chrome_126_0_0_0_(Windows_10).C20DataIntegrityAuditComponent"/>
  <testcase name="C20DataIntegrityAuditComponent should call checkStatusConfigurationToSave" time="0.007" classname="Chrome_126_0_0_0_(Windows_10).C20DataIntegrityAuditComponent"/>
  <testcase name="GeneralNetworkSettingsComponent should set hasInputValueChanged to false if inputName value does not change" time="0.003" classname="Chrome_126_0_0_0_(Windows_10).GeneralNetworkSettingsComponent"/>
  <testcase name="GeneralNetworkSettingsComponent should call generalNetworkSettingsFormFooterHandler() with event=true" time="0.004" classname="Chrome_126_0_0_0_(Windows_10).GeneralNetworkSettingsComponent"/>
  <testcase name="GeneralNetworkSettingsComponent should call getCallAgentIPs(), none item comes from response" time="0.003" classname="Chrome_126_0_0_0_(Windows_10).GeneralNetworkSettingsComponent"/>
  <testcase name="GeneralNetworkSettingsComponent should set toggle status enabled if data comes in checkAndSetStatus function" time="0.003" classname="Chrome_126_0_0_0_(Windows_10).GeneralNetworkSettingsComponent"/>
  <testcase name="GeneralNetworkSettingsComponent should call getGWCDomainName() with available response" time="0.002" classname="Chrome_126_0_0_0_(Windows_10).GeneralNetworkSettingsComponent"/>
  <testcase name="GeneralNetworkSettingsComponent should call getCallAgentIPs() with error" time="0.003" classname="Chrome_126_0_0_0_(Windows_10).GeneralNetworkSettingsComponent"/>
  <testcase name="GeneralNetworkSettingsComponent should create" time="0.003" classname="Chrome_126_0_0_0_(Windows_10).GeneralNetworkSettingsComponent"/>
  <testcase name="GeneralNetworkSettingsComponent should call showOrHideButtonClick()" time="0.003" classname="Chrome_126_0_0_0_(Windows_10).GeneralNetworkSettingsComponent"/>
  <testcase name="GeneralNetworkSettingsComponent should call showConfirmPopupFooterHandler() with event=false" time="0.002" classname="Chrome_126_0_0_0_(Windows_10).GeneralNetworkSettingsComponent"/>
  <testcase name="GeneralNetworkSettingsComponent should call closeConfirmPopup()" time="0.002" classname="Chrome_126_0_0_0_(Windows_10).GeneralNetworkSettingsComponent"/>
  <testcase name="GeneralNetworkSettingsComponent should call closeErrorDialog()" time="0.003" classname="Chrome_126_0_0_0_(Windows_10).GeneralNetworkSettingsComponent"/>
  <testcase name="GeneralNetworkSettingsComponent should detect changes in gwcDomainNameToggleBtn" time="0.003" classname="Chrome_126_0_0_0_(Windows_10).GeneralNetworkSettingsComponent"/>
  <testcase name="GeneralNetworkSettingsComponent should call getCallAgentIPs(), two items come from response" time="0.002" classname="Chrome_126_0_0_0_(Windows_10).GeneralNetworkSettingsComponent"/>
  <testcase name="GeneralNetworkSettingsComponent should call updateGWCDomainName() isSaveBtnEnable = true" time="0.005" classname="Chrome_126_0_0_0_(Windows_10).GeneralNetworkSettingsComponent"/>
  <testcase name="GeneralNetworkSettingsComponent should call showConfirmPopupFooterHandler() with event=true" time="0.004" classname="Chrome_126_0_0_0_(Windows_10).GeneralNetworkSettingsComponent"/>
  <testcase name="GeneralNetworkSettingsComponent should detect changes in inputName" time="0.003" classname="Chrome_126_0_0_0_(Windows_10).GeneralNetworkSettingsComponent"/>
  <testcase name="GeneralNetworkSettingsComponent should call updateGWCDomainName() isSaveBtnEnable = false" time="0.003" classname="Chrome_126_0_0_0_(Windows_10).GeneralNetworkSettingsComponent"/>
  <testcase name="GeneralNetworkSettingsComponent should call getCallAgentIPs() one item comes from response" time="0.003" classname="Chrome_126_0_0_0_(Windows_10).GeneralNetworkSettingsComponent"/>
[...]
2. If 'p-tabPanel' is a Web Component then add 'CUSTOM_ELEMENTS_SCHEMA' to the '@NgModule.schemas' of this component to suppress this message.
3. To allow any property add 'NO_ERRORS_SCHEMA' to the '@NgModule.schemas' of this component.'
,Chrome 126.0.0.0 (Windows 10) ERROR: 'NG0303: Can't bind to 'preview' since it isn't a known property of 'p-image' (used in the 'CarriersComponent' component template).
1. If 'p-image' is an Angular component and it has the 'preview' input, then verify that it is a part of an @NgModule where this component is declared.
2. If 'p-image' is a Web Component then add 'CUSTOM_ELEMENTS_SCHEMA' to the '@NgModule.schemas' of this component to suppress this message.
3. To allow any property add 'NO_ERRORS_SCHEMA' to the '@NgModule.schemas' of this component.'
,Chrome 126.0.0.0 (Windows 10) ERROR: 'NG0304: 'rbn-page-header' is not a known element (used in the 'SearchComponent' component template):
1. If 'rbn-page-header' is an Angular component, then verify that it is a part of an @NgModule where this component is declared.
2. If 'rbn-page-header' is a Web Component then add 'CUSTOM_ELEMENTS_SCHEMA' to the '@NgModule.schemas' of this component to suppress this message.'
,Chrome 126.0.0.0 (Windows 10) ERROR: 'NG0304: 'p-panel' is not a known element (used in the 'SearchComponent' component template):
1. If 'p-panel' is an Angular component, then verify that it is a part of an @NgModule where this component is declared.
2. If 'p-panel' is a Web Component then add 'CUSTOM_ELEMENTS_SCHEMA' to the '@NgModule.schemas' of this component to suppress this message.'
,Chrome 126.0.0.0 (Windows 10) ERROR: 'NG0304: 'p-image' is not a known element (used in the 'SearchComponent' component template):
1. If 'p-image' is an Angular component, then verify that it is a part of an @NgModule where this component is declared.
2. If 'p-image' is a Web Component then add 'CUSTOM_ELEMENTS_SCHEMA' to the '@NgModule.schemas' of this component to suppress this message.'
,Chrome 126.0.0.0 (Windows 10) ERROR: 'NG0304: 'p-image' is not a known element (used in the 'SearchComponent' component template):
1. If 'p-image' is an Angular component, then verify that it is a part of an @NgModule where this component is declared.
2. If 'p-image' is a Web Component then add 'CUSTOM_ELEMENTS_SCHEMA' to the '@NgModule.schemas' of this component to suppress this message.'
,Chrome 126.0.0.0 (Windows 10) ERROR: 'NG0304: 'rbn-panel-messages' is not a known element (used in the 'SearchComponent' component template):
1. If 'rbn-panel-messages' is an Angular component, then verify that it is a part of an @NgModule where this component is declared.
2. If 'rbn-panel-messages' is a Web Component then add 'CUSTOM_ELEMENTS_SCHEMA' to the '@NgModule.schemas' of this component to suppress this message.'
,Chrome 126.0.0.0 (Windows 10) ERROR: 'NG0303: Can't bind to 'data' since it isn't a known property of 'rbn-page-header' (used in the 'SearchComponent' component template).
1. If 'rbn-page-header' is an Angular component and it has the 'data' input, then verify that it is a part of an @NgModule where this component is declared.
2. If 'rbn-page-header' is a Web Component then add 'CUSTOM_ELEMENTS_SCHEMA' to the '@NgModule.schemas' of this component to suppress this message.
3. To allow any property add 'NO_ERRORS_SCHEMA' to the '@NgModule.schemas' of this component.'
,Chrome 126.0.0.0 (Windows 10) ERROR: 'NG0303: Can't bind to 'showHeader' since it isn't a known property of 'p-panel' (used in the 'SearchComponent' component template).
1. If 'p-panel' is an Angular component and it has the 'showHeader' input, then verify that it is a part of an @NgModule where this component is declared.
2. If 'p-panel' is a Web Component then add 'CUSTOM_ELEMENTS_SCHEMA' to the '@NgModule.schemas' of this component to suppress this message.
3. To allow any property add 'NO_ERRORS_SCHEMA' to the '@NgModule.schemas' of this component.'
,Chrome 126.0.0.0 (Windows 10) ERROR: 'NG0303: Can't bind to 'preview' since it isn't a known property of 'p-image' (used in the 'SearchComponent' component template).
1. If 'p-image' is an Angular component and it has the 'preview' input, then verify that it is a part of an @NgModule where this component is declared.
2. If 'p-image' is a Web Component then add 'CUSTOM_ELEMENTS_SCHEMA' to the '@NgModule.schemas' of this component to suppress this message.
3. To allow any property add 'NO_ERRORS_SCHEMA' to the '@NgModule.schemas' of this component.'
,Chrome 126.0.0.0 (Windows 10) ERROR: 'NG0303: Can't bind to 'preview' since it isn't a known property of 'p-image' (used in the 'SearchComponent' component template).
1. If 'p-image' is an Angular component and it has the 'preview' input, then verify that it is a part of an @NgModule where this component is declared.
2. If 'p-image' is a Web Component then add 'CUSTOM_ELEMENTS_SCHEMA' to the '@NgModule.schemas' of this component to suppress this message.
3. To allow any property add 'NO_ERRORS_SCHEMA' to the '@NgModule.schemas' of this component.'
,Chrome 126.0.0.0 (Windows 10) ERROR: 'NG0303: Can't bind to 'content' since it isn't a known property of 'rbn-panel-messages' (used in the 'SearchComponent' component template).
1. If 'rbn-panel-messages' is an Angular component and it has the 'content' input, then verify that it is a part of an @NgModule where this component is declared.
2. If 'rbn-panel-messages' is a Web Component then add 'CUSTOM_ELEMENTS_SCHEMA' to the '@NgModule.schemas' of this component to suppress this message.
3. To allow any property add 'NO_ERRORS_SCHEMA' to the '@NgModule.schemas' of this component.'
,Chrome 126.0.0.0 (Windows 10) ERROR: 'NG0303: Can't bind to 'typeOfMessage' since it isn't a known property of 'rbn-panel-messages' (used in the 'SearchComponent' component template).
1. If 'rbn-panel-messages' is an Angular component and it has the 'typeOfMessage' input, then verify that it is a part of an @NgModule where this component is declared.
2. If 'rbn-panel-messages' is a Web Component then add 'CUSTOM_ELEMENTS_SCHEMA' to the '@NgModule.schemas' of this component to suppress this message.
3. To allow any property add 'NO_ERRORS_SCHEMA' to the '@NgModule.schemas' of this component.'
,Chrome 126.0.0.0 (Windows 10) LOG: 'Responsive property is deprecated.'
,Chrome 126.0.0.0 (Windows 10) ERROR: 'Could not find translation file:', './assets/i18n/en.json'
,Chrome 126.0.0.0 (Windows 10) LOG: 'Responsive property is deprecated.'
,Chrome 126.0.0.0 (Windows 10) ERROR: 'Could not find translation file:', './assets/i18n/en.json'
,Chrome 126.0.0.0 (Windows 10) LOG: 'Responsive property is deprecated.'
,Chrome 126.0.0.0 (Windows 10) ERROR: 'Could not find translation file:', './assets/i18n/en.json'
,Chrome 126.0.0.0 (Windows 10) LOG: 'Responsive property is deprecated.'
,Chrome 126.0.0.0 (Windows 10) ERROR: 'Could not find translation file:', './assets/i18n/en.json'
,Chrome 126.0.0.0 (Windows 10) LOG: 'Responsive property is deprecated.'
,Chrome 126.0.0.0 (Windows 10) ERROR: 'Could not find translation file:', './assets/i18n/en.json'
,Chrome 126.0.0.0 (Windows 10) LOG: 'Responsive property is deprecated.'
,Chrome 126.0.0.0 (Windows 10) ERROR: 'Could not find translation file:', './assets/i18n/en.json'
,Chrome 126.0.0.0 (Windows 10) LOG: 'Responsive property is deprecated.'
,Chrome 126.0.0.0 (Windows 10) ERROR: 'Could not find translation file:', './assets/i18n/en.json'
,Chrome 126.0.0.0 (Windows 10) LOG: 'Responsive property is deprecated.'
,Chrome 126.0.0.0 (Windows 10) ERROR: 'Could not find translation file:', './assets/i18n/en.json'
,Chrome 126.0.0.0 (Windows 10) LOG: 'Responsive property is deprecated.'
,Chrome 126.0.0.0 (Windows 10) ERROR: 'Could not find translation file:', './assets/i18n/en.json'
,Chrome 126.0.0.0 (Windows 10) LOG: 'Responsive property is deprecated.'
,Chrome 126.0.0.0 (Windows 10) ERROR: 'Could not find translation file:', './assets/i18n/en.json'
,Chrome 126.0.0.0 (Windows 10) LOG: 'Responsive property is deprecated.'
,Chrome 126.0.0.0 (Windows 10) ERROR: 'Could not find translation file:', './assets/i18n/en.json'
,Chrome 126.0.0.0 (Windows 10) LOG: 'Responsive property is deprecated.'
,Chrome 126.0.0.0 (Windows 10) ERROR: 'Could not find translation file:', './assets/i18n/en.json'
,Chrome 126.0.0.0 (Windows 10) WARN: 'Spec 'AssociateDialogComponent should run checkbakcup ' has no expectations.'
,Chrome 126.0.0.0 (Windows 10) ERROR: 'NG0304: 'p-accordion' is not a known element (used in the 'ProvisioningComponent' component template):
1. If 'p-accordion' is an Angular component, then verify that it is a part of an @NgModule where this component is declared.
2. If 'p-accordion' is a Web Component then add 'CUSTOM_ELEMENTS_SCHEMA' to the '@NgModule.schemas' of this component to suppress this message.'
,Chrome 126.0.0.0 (Windows 10) ERROR: 'NG0304: 'p-accordionTab' is not a known element (used in the 'ProvisioningComponent' component template):
1. If 'p-accordionTab' is an Angular component, then verify that it is a part of an @NgModule where this component is declared.
2. If 'p-accordionTab' is a Web Component then add 'CUSTOM_ELEMENTS_SCHEMA' to the '@NgModule.schemas' of this component to suppress this message.'
,Chrome 126.0.0.0 (Windows 10) ERROR: 'Could not find translation file:', './assets/i18n/en.json'
,Chrome 126.0.0.0 (Windows 10) ERROR: 'Could not find translation file:', './assets/i18n/en.json'
,Chrome 126.0.0.0 (Windows 10) ERROR: 'Could not find translation file:', './assets/i18n/en.json'
,Chrome 126.0.0.0 (Windows 10) ERROR: 'Could not find translation file:', './assets/i18n/en.json'
,Chrome 126.0.0.0 (Windows 10) ERROR: 'Could not find translation file:', './assets/i18n/en.json'
,Chrome 126.0.0.0 (Windows 10) ERROR: 'Could not find translation file:', './assets/i18n/en.json'
,Chrome 126.0.0.0 (Windows 10) ERROR: 'Could not find translation file:', './assets/i18n/en.json'
,Chrome 126.0.0.0 (Windows 10) ERROR: 'Could not find translation file:', './assets/i18n/en.json'
,Chrome 126.0.0.0 (Windows 10) ERROR: 'Could not find translation file:', './assets/i18n/en.json'
,Chrome 126.0.0.0 (Windows 10) LOG: 'Responsive property is deprecated.'
,Chrome 126.0.0.0 (Windows 10) ERROR: 'Could not find translation file:', './assets/i18n/en.json'
,Chrome 126.0.0.0 (Windows 10) ERROR: 'Could not find translation file:', './assets/i18n/en.json'
,Chrome 126.0.0.0 (Windows 10) ERROR: 'Could not find translation file:', './assets/i18n/en.json'
,Chrome 126.0.0.0 (Windows 10) ERROR: 'Could not find translation file:', './assets/i18n/en.json'
,Chrome 126.0.0.0 (Windows 10) ERROR: 'Could not find translation file:', './assets/i18n/en.json'
,Chrome 126.0.0.0 (Windows 10) ERROR: 'NG0304: 'rbn-page-header' is not a known element (used in the 'MaintenanceComponent' component template):
1. If 'rbn-page-header' is an Angular component, then verify that it is a part of an @NgModule where this component is declared.
2. If 'rbn-page-header' is a Web Component then add 'CUSTOM_ELEMENTS_SCHEMA' to the '@NgModule.schemas' of this component to suppress this message.'
,Chrome 126.0.0.0 (Windows 10) ERROR: 'NG0304: 'p-panel' is not a known element (used in the 'MaintenanceComponent' component template):
1. If 'p-panel' is an Angular component, then verify that it is a part of an @NgModule where this component is declared.
2. If 'p-panel' is a Web Component then add 'CUSTOM_ELEMENTS_SCHEMA' to the '@NgModule.schemas' of this component to suppress this message.'
,Chrome 126.0.0.0 (Windows 10) ERROR: 'NG0304: 'p-image' is not a known element (used in the 'MaintenanceComponent' component template):
1. If 'p-image' is an Angular component, then verify that it is a part of an @NgModule where this component is declared.
2. If 'p-image' is a Web Component then add 'CUSTOM_ELEMENTS_SCHEMA' to the '@NgModule.schemas' of this component to suppress this message.'
,Chrome 126.0.0.0 (Windows 10) ERROR: 'NG0304: 'p-image' is not a known element (used in the 'MaintenanceComponent' component template):
1. If 'p-image' is an Angular component, then verify that it is a part of an @NgModule where this component is declared.
2. If 'p-image' is a Web Component then add 'CUSTOM_ELEMENTS_SCHEMA' to the '@NgModule.schemas' of this component to suppress this message.'
,Chrome 126.0.0.0 (Windows 10) ERROR: 'NG0303: Can't bind to 'data' since it isn't a known property of 'rbn-page-header' (used in the 'MaintenanceComponent' component template).
1. If 'rbn-page-header' is an Angular component and it has the 'data' input, then verify that it is a part of an @NgModule where this component is declared.
2. If 'rbn-page-header' is a Web Component then add 'CUSTOM_ELEMENTS_SCHEMA' to the '@NgModule.schemas' of this component to suppress this message.
3. To allow any property add 'NO_ERRORS_SCHEMA' to the '@NgModule.schemas' of this component.'
,Chrome 126.0.0.0 (Windows 10) ERROR: 'NG0303: Can't bind to 'showHeader' since it isn't a known property of 'p-panel' (used in the 'MaintenanceComponent' component template).
1. If 'p-panel' is an Angular component and it has the 'showHeader' input, then verify that it is a part of an @NgModule where this component is declared.
2. If 'p-panel' is a Web Component then add 'CUSTOM_ELEMENTS_SCHEMA' to the '@NgModule.schemas' of this component to suppress this message.
3. To allow any property add 'NO_ERRORS_SCHEMA' to the '@NgModule.schemas' of this component.'
,Chrome 126.0.0.0 (Windows 10) ERROR: 'NG0303: Can't bind to 'preview' since it isn't a known property of 'p-image' (used in the 'MaintenanceComponent' component template).
1. If 'p-image' is an Angular component and it has the 'preview' input, then verify that it is a part of an @NgModule where this component is declared.
2. If 'p-image' is a Web Component then add 'CUSTOM_ELEMENTS_SCHEMA' to the '@NgModule.schemas' of this component to suppress this message.
3. To allow any property add 'NO_ERRORS_SCHEMA' to the '@NgModule.schemas' of this component.'
,Chrome 126.0.0.0 (Windows 10) ERROR: 'NG0303: Can't bind to 'preview' since it isn't a known property of 'p-image' (used in the 'MaintenanceComponent' component template).
1. If 'p-image' is an Angular component and it has the 'preview' input, then verify that it is a part of an @NgModule where this component is declared.
2. If 'p-image' is a Web Component then add 'CUSTOM_ELEMENTS_SCHEMA' to the '@NgModule.schemas' of this component to suppress this message.
3. To allow any property add 'NO_ERRORS_SCHEMA' to the '@NgModule.schemas' of this component.'
,Chrome 126.0.0.0 (Windows 10) ERROR: 'NG0304: 'rbn-page-header' is not a known element (used in the 'LinesComponent' component template):
1. If 'rbn-page-header' is an Angular component, then verify that it is a part of an @NgModule where this component is declared.
2. If 'rbn-page-header' is a Web Component then add 'CUSTOM_ELEMENTS_SCHEMA' to the '@NgModule.schemas' of this component to suppress this message.'
,Chrome 126.0.0.0 (Windows 10) ERROR: 'NG0304: 'p-panel' is not a known element (used in the 'LinesComponent' component template):
1. If 'p-panel' is an Angular component, then verify that it is a part of an @NgModule where this component is declared.
2. If 'p-panel' is a Web Component then add 'CUSTOM_ELEMENTS_SCHEMA' to the '@NgModule.schemas' of this component to suppress this message.'
,Chrome 126.0.0.0 (Windows 10) ERROR: 'NG0304: 'p-image' is not a known element (used in the 'LinesComponent' component template):
1. If 'p-image' is an Angular component, then verify that it is a part of an @NgModule where this component is declared.
2. If 'p-image' is a Web Component then add 'CUSTOM_ELEMENTS_SCHEMA' to the '@NgModule.schemas' of this component to suppress this message.'
,Chrome 126.0.0.0 (Windows 10) ERROR: 'NG0303: Can't bind to 'data' since it isn't a known property of 'rbn-page-header' (used in the 'LinesComponent' component template).
1. If 'rbn-page-header' is an Angular component and it has the 'data' input, then verify that it is a part of an @NgModule where this component is declared.
2. If 'rbn-page-header' is a Web Component then add 'CUSTOM_ELEMENTS_SCHEMA' to the '@NgModule.schemas' of this component to suppress this message.
3. To allow any property add 'NO_ERRORS_SCHEMA' to the '@NgModule.schemas' of this component.'
,Chrome 126.0.0.0 (Windows 10) ERROR: 'NG0303: Can't bind to 'showHeader' since it isn't a known property of 'p-panel' (used in the 'LinesComponent' component template).
1. If 'p-panel' is an Angular component and it has the 'showHeader' input, then verify that it is a part of an @NgModule where this component is declared.
2. If 'p-panel' is a Web Component then add 'CUSTOM_ELEMENTS_SCHEMA' to the '@NgModule.schemas' of this component to suppress this message.
3. To allow any property add 'NO_ERRORS_SCHEMA' to the '@NgModule.schemas' of this component.'
,Chrome 126.0.0.0 (Windows 10) ERROR: 'NG0303: Can't bind to 'routerLink' since it isn't a known property of 'a' (used in the 'LinesComponent' component template).
1. If 'a' is an Angular component and it has the 'routerLink' input, then verify that it is a part of an @NgModule where this component is declared.
2. To allow any property add 'NO_ERRORS_SCHEMA' to the '@NgModule.schemas' of this component.'
,Chrome 126.0.0.0 (Windows 10) ERROR: 'NG0303: Can't bind to 'preview' since it isn't a known property of 'p-image' (used in the 'LinesComponent' component template).
1. If 'p-image' is an Angular component and it has the 'preview' input, then verify that it is a part of an @NgModule where this component is declared.
2. If 'p-image' is a Web Component then add 'CUSTOM_ELEMENTS_SCHEMA' to the '@NgModule.schemas' of this component to suppress this message.
3. To allow any property add 'NO_ERRORS_SCHEMA' to the '@NgModule.schemas' of this component.'
,Chrome 126.0.0.0 (Windows 10) ERROR: 'Could not find translation file:', './assets/i18n/en.json'
,Chrome 126.0.0.0 (Windows 10) ERROR: 'Could not find translation file:', './assets/i18n/en.json'
,Chrome 126.0.0.0 (Windows 10) ERROR: 'Could not find translation file:', './assets/i18n/en.json'
,Chrome 126.0.0.0 (Windows 10) ERROR: 'Could not find translation file:', './assets/i18n/en.json'
,Chrome 126.0.0.0 (Windows 10) ERROR: 'Could not find translation file:', './assets/i18n/en.json'
,Chrome 126.0.0.0 (Windows 10) ERROR: 'Could not find translation file:', './assets/i18n/en.json'
,Chrome 126.0.0.0 (Windows 10) LOG: 'Responsive property is deprecated.'
,Chrome 126.0.0.0 (Windows 10) ERROR: 'Could not find translation file:', './assets/i18n/en.json'
,Chrome 126.0.0.0 (Windows 10) LOG: 'Responsive property is deprecated.'
,Chrome 126.0.0.0 (Windows 10) ERROR: 'Could not find translation file:', './assets/i18n/en.json'
,Chrome 126.0.0.0 (Windows 10) LOG: 'Responsive property is deprecated.'
,Chrome 126.0.0.0 (Windows 10) ERROR: 'Could not find translation file:', './assets/i18n/en.json'
,Chrome 126.0.0.0 (Windows 10) LOG: 'Responsive property is deprecated.'
,Chrome 126.0.0.0 (Windows 10) ERROR: 'Could not find translation file:', './assets/i18n/en.json'
,Chrome 126.0.0.0 (Windows 10) LOG: 'Responsive property is deprecated.'
,Chrome 126.0.0.0 (Windows 10) ERROR: 'Could not find translation file:', './assets/i18n/en.json'
,Chrome 126.0.0.0 (Windows 10) LOG: 'Responsive property is deprecated.'
,Chrome 126.0.0.0 (Windows 10) ERROR: 'Could not find translation file:', './assets/i18n/en.json'
,Chrome 126.0.0.0 (Windows 10) LOG: 'Responsive property is deprecated.'
,Chrome 126.0.0.0 (Windows 10) ERROR: 'Could not find translation file:', './assets/i18n/en.json'
,Chrome 126.0.0.0 (Windows 10) LOG: 'Responsive property is deprecated.'
,Chrome 126.0.0.0 (Windows 10) ERROR: 'Could not find translation file:', './assets/i18n/en.json'

]]>
  </system-out>
  <system-err/>
</testsuite>